scons: Reading SConscript files ...
Mkdir("/hpc/group/brownlab/fjm7/gem5/build/X86/gem5.build")
Checking for linker -Wl,--as-needed support... (cached) yes
Checking for compiler -Wno-free-nonheap-object support... (cached) yes
Checking for compiler -gz support... (cached) yes
Checking for linker -gz support... (cached) yes
Info: Using Python config: python3-config
Checking for C header file Python.h... (cached) yes
Checking Python version... (cached) 3.10.0
Checking for accept(0,0,0) in C++ library None... (cached) yes
Checking for zlibVersion() in C++ library z... (cached) yes
Checking for C library tcmalloc... (cached) yes
Building in /hpc/group/brownlab/fjm7/gem5/build/X86
Using saved variables file(s) /hpc/group/brownlab/fjm7/gem5/build/X86/gem5.build/variables
Checking for C header file linux/if_tun.h... (cached) yes
Checking for shm_open("/test", 0, 0) in C library None... (cached) yes
Checking for C header file fenv.h... (cached) yes
Checking for C header file png.h... (cached) no
Warning: Header file <png.h> not found.
         This host has no libpng library.
         Disabling support for PNG framebuffers.
Checking for clock_nanosleep(0,0,NULL,NULL) in C library None... (cached) yes
Checking for C header file valgrind/valgrind.h... (cached) yes
Warning: Deprecated namespaces are not supported by this compiler.
         Please make sure to check the mailing list for deprecation
         announcements.
Checking for pkg-config package hdf5-serial... (cached) no
Checking for pkg-config package hdf5... (cached) no
Checking for H5Fcreate("", 0, 0, 0) in C library hdf5... (cached) no
Warning: Couldn't find HDF5 C++ libraries. Disabling HDF5 support.
Checking for C header file linux/kvm.h... (cached) yes
Checking for timer_create(CLOCK_MONOTONIC, NULL, NULL) in C library None... (cached) yes
Checking for member exclude_host in struct perf_event_attr...(cached) yes
Warning: While checking protoc version: [Errno 2] No such file or directory:
         'protoc'
Warning: Protocol buffer compiler (protoc) not found.
         Please install protobuf-compiler for tracing support.
Checking size of struct kvm_xsave ... (cached) yes
Checking for backtrace_symbols_fd((void *)1, 0, 0) in C library None... (cached) yes
Checking whether __i386__ is declared... (cached) no
Checking whether __x86_64__ is declared... (cached) yes
Checking for compiler -Wno-self-assign-overloaded support... (cached) yes
Checking for compiler -Wno-free-nonheap-object support... (cached) yes
scons: done reading SConscript files.
scons: Building targets ...
 [EMBED PY] X86/global_variable_cache/GlobalVariableCache.py -> .cc
 [VER TAGS]  -> X86/sim/tags.cc
 [     CXX] X86/global_variable_cache/GlobalVariableCache.py.cc -> .fo
 [     CXX] X86/global_variable_cache/GlobalVariableCache.py.cc -> .pyo
 [    LINK]  -> X86/gem5py_m5
 [SO Param] m5.objects.SimpleNetwork, Switch -> X86/python/_m5/param_Switch.cc
 [SO Param] m5.objects.CfiMemory, CfiMemory -> X86/python/_m5/param_CfiMemory.cc
 [SO Param] m5.objects.ClockedObject, ClockedObject -> X86/params/ClockedObject.hh
 [SO Param] m5.objects.Cache, BaseCache -> X86/python/_m5/param_BaseCache.cc
 [SO Param] m5.objects.Prefetcher, QueuedPrefetcher -> X86/python/_m5/param_QueuedPrefetcher.cc
 [SO Param] m5.objects.Ethernet, IGbE -> X86/params/IGbE.hh
 [SO Param] m5.objects.XBar, SnoopFilter -> X86/python/_m5/param_SnoopFilter.cc
 [SO Param] m5.objects.SouthBridge, SouthBridge -> X86/python/_m5/param_SouthBridge.cc
 [SO Param] m5.objects.I8254, I8254 -> X86/params/I8254.hh
 [SO Param] m5.objects.BranchPredictor, TAGE_SC_L_64KB_StatisticalCorrector -> X86/python/_m5/param_TAGE_SC_L_64KB_StatisticalCorrector.cc
 [SO Param] m5.objects.SimpleLink, SimpleIntLink -> X86/python/_m5/param_SimpleIntLink.cc
 [SO Param] m5.objects.IntelMP, X86IntelMPExtConfigEntry -> X86/params/X86IntelMPExtConfigEntry.hh
 [SO Param] m5.objects.X86TLB, X86TLB -> X86/python/_m5/param_X86TLB.cc
 [SO Param] m5.objects.BloomFilters, BloomFilterBulk -> X86/params/BloomFilterBulk.hh
 [SO Param] m5.objects.ClockDomain, DerivedClockDomain -> X86/python/_m5/param_DerivedClockDomain.cc
 [SO Param] m5.objects.BranchPredictor, LocalBP -> X86/python/_m5/param_LocalBP.cc
 [SO Param] m5.objects.ReplacementPolicies, SecondChanceRP -> X86/params/SecondChanceRP.hh
 [SO Param] m5.objects.WireBuffer, RubyWireBuffer -> X86/params/RubyWireBuffer.hh
 [SO Param] m5.objects.VirtIO9P, VirtIO9PBase -> X86/python/_m5/param_VirtIO9PBase.cc
 [SO Param] m5.objects.TlmBridge, TlmToGem5Bridge256 -> X86/params/TlmToGem5Bridge256.hh
 [SO Param] m5.objects.SimpleMemory, SimpleMemory -> X86/python/_m5/param_SimpleMemory.cc
 [SO Param] m5.objects.VirtIOConsole, VirtIOConsole -> X86/python/_m5/param_VirtIOConsole.cc
 [SO Param] m5.objects.IntelMP, X86IntelMPAddrSpaceMapping -> X86/python/_m5/param_X86IntelMPAddrSpaceMapping.cc
 [SO Param] m5.objects.RubyTester, RubyTester -> X86/python/_m5/param_RubyTester.cc
 [SO Param] m5.objects.ThermalModel, ThermalCapacitor -> X86/python/_m5/param_ThermalCapacitor.cc
 [SO Param] m5.objects.Ethernet, EtherTap -> X86/params/EtherTap.hh
 [ENUM STR] m5.objects.MessageBuffer, MessageRandomization -> X86/enums/MessageRandomization.cc
 [SO Param] m5.objects.BranchPredictor, MPP_TAGE_8KB -> X86/python/_m5/param_MPP_TAGE_8KB.cc
 [SO Param] m5.objects.SMBios, X86SMBiosSMBiosStructure -> X86/python/_m5/param_X86SMBiosSMBiosStructure.cc
 [SO Param] m5.objects.ACPI, X86ACPIMadtIntSourceOverride -> X86/params/X86ACPIMadtIntSourceOverride.hh
 [SO Param] m5.objects.Sequencer, RubyPort -> X86/python/_m5/param_RubyPort.cc
 [SO Param] m5.objects.RubySystem, RubySystem -> X86/params/RubySystem.hh
 [SO Param] m5.objects.InstTracer, InstTracer -> X86/python/_m5/param_InstTracer.cc
 [SO Param] m5.objects.ExternalSlave, ExternalSlave -> X86/python/_m5/param_ExternalSlave.cc
 [SO Param] m5.objects.QoSMemCtrl, QoSMemCtrl -> X86/python/_m5/param_QoSMemCtrl.cc
 [SO Param] m5.objects.CfiMemory, CfiMemory -> X86/params/CfiMemory.hh
 [SO Param] m5.objects.Ethernet, EtherTapBase -> X86/params/EtherTapBase.hh
 [SO Param] m5.objects.SouthBridge, SouthBridge -> X86/params/SouthBridge.hh
 [SO Param] m5.objects.Compressors, Base16Delta8 -> X86/params/Base16Delta8.hh
 [SO Param] m5.objects.QoSPolicy, QoSPropFairPolicy -> X86/python/_m5/param_QoSPropFairPolicy.cc
 [SO Param] m5.objects.Prefetcher, IndirectMemoryPrefetcher -> X86/python/_m5/param_IndirectMemoryPrefetcher.cc
 [SO Param] m5.objects.Device, DmaDevice -> X86/python/_m5/param_DmaDevice.cc
 [SO Param] m5.objects.HelloObject, GoodbyeObject -> X86/python/_m5/param_GoodbyeObject.cc
 [SO Param] m5.objects.Vnc, VncServer -> X86/python/_m5/param_VncServer.cc
 [SO Param] m5.objects.SimpleNetwork, Switch -> X86/params/Switch.hh
 [SO Param] m5.objects.Prefetcher, BOPPrefetcher -> X86/params/BOPPrefetcher.hh
 [SO Param] m5.objects.X86QemuFwCfg, QemuFwCfgItemE820 -> X86/params/QemuFwCfgItemE820.hh
 [SO Param] m5.objects.Cache, BaseCache -> X86/params/BaseCache.hh
 [SO Param] m5.objects.Prefetcher, QueuedPrefetcher -> X86/params/QueuedPrefetcher.hh
 [SO Param] m5.objects.VirtIO9P, VirtIO9PBase -> X86/params/VirtIO9PBase.hh
 [SO Param] m5.objects.SimpleMemory, SimpleMemory -> X86/params/SimpleMemory.hh
 [SO Param] m5.objects.VirtIOConsole, VirtIOConsole -> X86/params/VirtIOConsole.hh
 [SO Param] m5.objects.RubyTester, RubyTester -> X86/params/RubyTester.hh
 [SO Param] m5.objects.XBar, SnoopFilter -> X86/params/SnoopFilter.hh
 [SO Param] m5.objects.Cache, Cache -> X86/python/_m5/param_Cache.cc
 [ENUM STR] m5.objects.SMBios, Characteristic -> X86/enums/Characteristic.cc
 [SO Param] m5.objects.ReplacementPolicies, MRURP -> X86/python/_m5/param_MRURP.cc
 [SO Param] m5.objects.BranchPredictor, TAGE_SC_L_64KB_StatisticalCorrector -> X86/params/TAGE_SC_L_64KB_StatisticalCorrector.hh
 [SO Param] m5.objects.SimpleLink, SimpleIntLink -> X86/params/SimpleIntLink.hh
 [SO Param] m5.objects.TlmBridge, TlmToGem5BridgeBase -> X86/python/_m5/param_TlmToGem5BridgeBase.cc
 [SO Param] m5.objects.SystemC, SystemC_ScModule -> X86/python/_m5/param_SystemC_ScModule.cc
 [ENUM STR] m5.objects.TimingExpr, TimingExprOp -> X86/enums/TimingExprOp.cc
 [SO Param] m5.objects.X86TLB, X86TLB -> X86/params/X86TLB.hh
 [SO Param] m5.objects.Directory_Controller, Directory_Controller -> X86/python/_m5/param_Directory_Controller.cc
 [SO Param] m5.objects.ClockDomain, DerivedClockDomain -> X86/params/DerivedClockDomain.hh
 [ENUM STR] m5.objects.QoSMemCtrl, QoSQPolicy -> X86/enums/QoSQPolicy.cc
 [SO Param] m5.objects.BranchPredictor, TAGE_SC_L_8KB_StatisticalCorrector -> X86/python/_m5/param_TAGE_SC_L_8KB_StatisticalCorrector.cc
 [SO Param] m5.objects.ThreadBridge, ThreadBridge -> X86/python/_m5/param_ThreadBridge.cc
 [SO Param] m5.objects.Prefetcher, BOPPrefetcher -> X86/python/_m5/param_BOPPrefetcher.cc
 [SO Param] m5.objects.BranchPredictor, LocalBP -> X86/params/LocalBP.hh
 [SO Param] m5.objects.BaseCPU, BaseCPU -> X86/python/_m5/param_BaseCPU.cc
 [SO Param] m5.objects.DirectoryMemory, RubyDirectoryMemory -> X86/python/_m5/param_RubyDirectoryMemory.cc
 [SO Param] m5.objects.InstTracer, InstTracer -> X86/params/InstTracer.hh
 [SO Param] m5.objects.ExternalSlave, ExternalSlave -> X86/params/ExternalSlave.hh
 [SO Param] m5.objects.QoSMemCtrl, QoSMemCtrl -> X86/params/QoSMemCtrl.hh
 [SO Param] m5.objects.IntelMP, X86IntelMPAddrSpaceMapping -> X86/params/X86IntelMPAddrSpaceMapping.hh
 [SO Param] m5.objects.BranchPredictor, TAGE -> X86/python/_m5/param_TAGE.cc
 [SO Param] m5.objects.Terminal, Terminal -> X86/python/_m5/param_Terminal.cc
 [SO Param] m5.objects.ThermalModel, ThermalCapacitor -> X86/params/ThermalCapacitor.hh
 [ENUMDECL] m5.objects.MessageBuffer, MessageRandomization -> X86/enums/MessageRandomization.hh
 [SO Param] m5.objects.PciHost, PciHost -> X86/python/_m5/param_PciHost.cc
 [SO Param] m5.objects.TlmBridge, Gem5ToTlmBridgeBase -> X86/python/_m5/param_Gem5ToTlmBridgeBase.cc
 [SO Param] m5.objects.BranchPredictor, MPP_TAGE_8KB -> X86/params/MPP_TAGE_8KB.hh
 [SO Param] m5.objects.Ide, IdeController -> X86/python/_m5/param_IdeController.cc
 [ENUM STR] m5.objects.SimObject, ByteOrder -> X86/enums/ByteOrder.cc
 [ENUM STR] m5.objects.IntelMP, X86IntelMPTriggerMode -> X86/enums/X86IntelMPTriggerMode.cc
 [SO Param] m5.objects.Sequencer, RubyPort -> X86/params/RubyPort.hh
 [SO Param] m5.objects.Ethernet, EtherDevBase -> X86/params/EtherDevBase.hh
 [SO Param] m5.objects.Directory_Controller, Directory_Controller -> X86/params/Directory_Controller.hh
 [SO Param] m5.objects.Probe, ProbeListenerObject -> X86/python/_m5/param_ProbeListenerObject.cc
 [SO Param] m5.objects.TimingExpr, TimingExprLiteral -> X86/python/_m5/param_TimingExprLiteral.cc
 [SO Param] m5.objects.BaseKvmCPU, BaseKvmCPU -> X86/python/_m5/param_BaseKvmCPU.cc
 [SO Param] m5.objects.Compressors, FrequentValuesCompressor -> X86/python/_m5/param_FrequentValuesCompressor.cc
 [SO Param] m5.objects.BranchPredictor, MultiperspectivePerceptron -> X86/python/_m5/param_MultiperspectivePerceptron.cc
 [SO Param] m5.objects.CPUTracers, ExeTracer -> X86/python/_m5/param_ExeTracer.cc
 [SO Param] m5.objects.TlmBridge, Gem5ToTlmBridgeBase -> X86/params/Gem5ToTlmBridgeBase.hh
 [SO Param] m5.objects.Uart, Uart8250 -> X86/params/Uart8250.hh
 [SO Param] m5.objects.Workload, SEWorkload -> X86/python/_m5/param_SEWorkload.cc
 [ENUMDECL] m5.objects.IntelMP, X86IntelMPTriggerMode -> X86/enums/X86IntelMPTriggerMode.hh
 [SO Param] m5.objects.Tags, BaseSetAssoc -> X86/python/_m5/param_BaseSetAssoc.cc
 [SO Param] m5.objects.Prefetcher, IndirectMemoryPrefetcher -> X86/params/IndirectMemoryPrefetcher.hh
 [SO Param] m5.objects.BaseNonCachingSimpleCPU, BaseNonCachingSimpleCPU -> X86/python/_m5/param_BaseNonCachingSimpleCPU.cc
 [SO Param] m5.objects.Device, DmaDevice -> X86/params/DmaDevice.hh
 [SO Param] m5.objects.RubyDirectedTester, RubyDirectedTester -> X86/python/_m5/param_RubyDirectedTester.cc
 [SO Param] m5.objects.Vnc, VncServer -> X86/params/VncServer.hh
 [SO Param] m5.objects.ThreadBridge, ThreadBridge -> X86/params/ThreadBridge.hh
 [ENUMDECL] m5.objects.BaseO3CPU, CommitPolicy -> X86/enums/CommitPolicy.hh
 [SO Param] m5.objects.DirectoryMemory, RubyDirectoryMemory -> X86/params/RubyDirectoryMemory.hh
 [SO Param] m5.objects.BaseCPU, BaseCPU -> X86/params/BaseCPU.hh
 [SO Param] m5.objects.Ethernet, EtherLink -> X86/params/EtherLink.hh
 [SO Param] m5.objects.Sequencer, DMASequencer -> X86/python/_m5/param_DMASequencer.cc
 [SO Param] m5.objects.Terminal, Terminal -> X86/params/Terminal.hh
 [SO Param] m5.objects.Cache, Cache -> X86/params/Cache.hh
 [ENUMDECL] m5.objects.SMBios, Characteristic -> X86/enums/Characteristic.hh
 [SO Param] m5.objects.ReplacementPolicies, MRURP -> X86/params/MRURP.hh
 [SO Param] m5.objects.E820, X86E820Entry -> X86/python/_m5/param_X86E820Entry.cc
 [SO Param] m5.objects.DiskImage, RawDiskImage -> X86/params/RawDiskImage.hh
 [SO Param] m5.objects.BaseTrafficGen, BaseTrafficGen -> X86/python/_m5/param_BaseTrafficGen.cc
 [ENUMDECL] m5.objects.TimingExpr, TimingExprOp -> X86/enums/TimingExprOp.hh
 [SO Param] m5.objects.QemuFwCfg, QemuFwCfgItem -> X86/python/_m5/param_QemuFwCfgItem.cc
 [SO Param] m5.objects.TlmBridge, TlmToGem5BridgeBase -> X86/params/TlmToGem5BridgeBase.hh
 [SO Param] m5.objects.SystemC, SystemC_ScModule -> X86/params/SystemC_ScModule.hh
 [SO Param] m5.objects.MemFootprintProbe, MemFootprintProbe -> X86/python/_m5/param_MemFootprintProbe.cc
 [SO Param] m5.objects.FuncUnit, OpDesc -> X86/python/_m5/param_OpDesc.cc
 [ENUMDECL] m5.objects.QoSMemCtrl, QoSQPolicy -> X86/enums/QoSQPolicy.hh
 [SO Param] m5.objects.QemuFwCfg, QemuFwCfgItemBytes -> X86/python/_m5/param_QemuFwCfgItemBytes.cc
 [SO Param] m5.objects.ACPI, X86ACPIXSDT -> X86/python/_m5/param_X86ACPIXSDT.cc
 [SO Param] m5.objects.Device, PioDevice -> X86/python/_m5/param_PioDevice.cc
 [SO Param] m5.objects.BaseKvmCPU, BaseKvmCPU -> X86/params/BaseKvmCPU.hh
 [SO Param] m5.objects.DRAMInterface, DRAMInterface -> X86/python/_m5/param_DRAMInterface.cc
 [SO Param] m5.objects.QoSTurnaround, QoSTurnaroundPolicy -> X86/python/_m5/param_QoSTurnaroundPolicy.cc
 [SO Param] m5.objects.BranchPredictor, TAGE -> X86/params/TAGE.hh
 [SO Param] m5.objects.CPUTracers, ExeTracer -> X86/params/ExeTracer.hh
 [SO Param] m5.objects.PciHost, PciHost -> X86/params/PciHost.hh
 [SO Param] m5.objects.Ide, IdeController -> X86/params/IdeController.hh
 [SO Param] m5.objects.QoSPolicy, QoSPropFairPolicy -> X86/params/QoSPropFairPolicy.hh
 [ENUMDECL] m5.objects.SimObject, ByteOrder -> X86/enums/ByteOrder.hh
 [SO Param] m5.objects.SysBridge, SysBridge -> X86/python/_m5/param_SysBridge.cc
 [SO Param] m5.objects.TimingExpr, TimingExprLiteral -> X86/params/TimingExprLiteral.hh
 [SO Param] m5.objects.BaseNonCachingSimpleCPU, BaseNonCachingSimpleCPU -> X86/params/BaseNonCachingSimpleCPU.hh
 [SO Param] m5.objects.Compressors, Base64Delta8 -> X86/python/_m5/param_Base64Delta8.cc
 [SO Param] m5.objects.Probe, ProbeListenerObject -> X86/params/ProbeListenerObject.hh
 [ENUM STR] m5.objects.System, MemoryMode -> X86/enums/MemoryMode.cc
 [SO Param] m5.objects.ReplacementPolicies, SHiPMemRP -> X86/python/_m5/param_SHiPMemRP.cc
 [SO Param] m5.objects.DummyChecker, DummyChecker -> X86/python/_m5/param_DummyChecker.cc
 [SO Param] m5.objects.Compressors, FrequentValuesCompressor -> X86/params/FrequentValuesCompressor.hh
 [SO Param] m5.objects.BranchPredictor, MultiperspectivePerceptron -> X86/params/MultiperspectivePerceptron.hh
 [SO Param] m5.objects.BasicLink, BasicExtLink -> X86/python/_m5/param_BasicExtLink.cc
 [SO Param] m5.objects.PciDevice, PciMemBar -> X86/python/_m5/param_PciMemBar.cc
 [SO Param] m5.objects.Prefetcher, AMPMPrefetcher -> X86/python/_m5/param_AMPMPrefetcher.cc
 [SO Param] m5.objects.IndexingPolicies, SkewedAssociative -> X86/python/_m5/param_SkewedAssociative.cc
 [SO Param] m5.objects.PyTrafficGen, PyTrafficGen -> X86/python/_m5/param_PyTrafficGen.cc
 [SO Param] m5.objects.E820, X86E820Entry -> X86/params/X86E820Entry.hh
 [SO Param] m5.objects.Tags, BaseSetAssoc -> X86/params/BaseSetAssoc.hh
 [SO Param] m5.objects.AddrMapper, RangeAddrMapper -> X86/python/_m5/param_RangeAddrMapper.cc
 [SO Param] m5.objects.I2C, I2CDevice -> X86/python/_m5/param_I2CDevice.cc
 [SO Param] m5.objects.E820, X86E820Table -> X86/python/_m5/param_X86E820Table.cc
 [SO Param] m5.objects.BaseMinorCPU, MinorFUTiming -> X86/python/_m5/param_MinorFUTiming.cc
 [SO Param] m5.objects.BranchPredictor, TAGE_SC_L_TAGE_8KB -> X86/python/_m5/param_TAGE_SC_L_TAGE_8KB.cc
 [SO Param] m5.objects.RubyDirectedTester, RubyDirectedTester -> X86/params/RubyDirectedTester.hh
 [SO Param] m5.objects.PowerModelState, PowerModelState -> X86/python/_m5/param_PowerModelState.cc
 [SO Param] m5.objects.DummyChecker, DummyChecker -> X86/params/DummyChecker.hh
 [SO Param] m5.objects.QoSTurnaround, QoSTurnaroundPolicy -> X86/params/QoSTurnaroundPolicy.hh
 [SO Param] m5.objects.TlmBridge, Gem5ToTlmBridge256 -> X86/python/_m5/param_Gem5ToTlmBridge256.cc
 [SO Param] m5.objects.BadDevice, BadDevice -> X86/python/_m5/param_BadDevice.cc
 [SO Param] m5.objects.Sequencer, DMASequencer -> X86/params/DMASequencer.hh
 [SO Param] m5.objects.MemChecker, MemChecker -> X86/python/_m5/param_MemChecker.cc
 [SO Param] m5.objects.Workload, Workload -> X86/python/_m5/param_Workload.cc
 [SO Param] m5.objects.TimingExpr, TimingExprUn -> X86/python/_m5/param_TimingExprUn.cc
 [SO Param] m5.objects.PyTrafficGen, PyTrafficGen -> X86/params/PyTrafficGen.hh
 [SO Param] m5.objects.BaseTrafficGen, BaseTrafficGen -> X86/params/BaseTrafficGen.hh
 [ENUM STR] m5.objects.BaseO3CPU, SMTFetchPolicy -> X86/enums/SMTFetchPolicy.cc
 [SO Param] m5.objects.QoSPolicy, QoSPolicy -> X86/python/_m5/param_QoSPolicy.cc
 [SO Param] m5.objects.X86FsWorkload, X86FsLinux -> X86/python/_m5/param_X86FsLinux.cc
 [SO Param] m5.objects.MemFootprintProbe, MemFootprintProbe -> X86/params/MemFootprintProbe.hh
 [SO Param] m5.objects.BranchPredictor, MPP_LoopPredictor -> X86/python/_m5/param_MPP_LoopPredictor.cc
 [SO Param] m5.objects.Compressors, ZeroCompressor -> X86/python/_m5/param_ZeroCompressor.cc
 [SO Param] m5.objects.SysBridge, SysBridge -> X86/params/SysBridge.hh
 [SO Param] m5.objects.QemuFwCfg, QemuFwCfgItemBytes -> X86/params/QemuFwCfgItemBytes.hh
 [SO Param] m5.objects.FuncUnit, OpDesc -> X86/params/OpDesc.hh
 [SO Param] m5.objects.ACPI, X86ACPIXSDT -> X86/params/X86ACPIXSDT.hh
 [SO Param] m5.objects.DRAMInterface, DRAMInterface -> X86/params/DRAMInterface.hh
 [SO Param] m5.objects.Controller, RubyController -> X86/python/_m5/param_RubyController.cc
 [ENUM STR] m5.objects.I8259, X86I8259CascadeMode -> X86/enums/X86I8259CascadeMode.cc
 [SO Param] m5.objects.IntelMP, X86IntelMPBaseConfigEntry -> X86/python/_m5/param_X86IntelMPBaseConfigEntry.cc
 [SO Param] m5.objects.BloomFilters, BloomFilterMultiBitSel -> X86/python/_m5/param_BloomFilterMultiBitSel.cc
 [SO Param] m5.objects.Compressors, Base64Delta8 -> X86/params/Base64Delta8.hh
 [SO Param] m5.objects.ReplacementPolicies, FIFORP -> X86/python/_m5/param_FIFORP.cc
 [ENUMDECL] m5.objects.System, MemoryMode -> X86/enums/MemoryMode.hh
 [SO Param] m5.objects.ReplacementPolicies, SHiPMemRP -> X86/params/SHiPMemRP.hh
 [SO Param] m5.objects.CommMonitor, CommMonitor -> X86/python/_m5/param_CommMonitor.cc
 [SO Param] m5.objects.L1Cache_Controller, L1Cache_Controller -> X86/python/_m5/param_L1Cache_Controller.cc
 [SO Param] m5.objects.Controller, RubyController -> X86/params/RubyController.hh
 [SO Param] m5.objects.BasicLink, BasicExtLink -> X86/params/BasicExtLink.hh
 [SO Param] m5.objects.PowerModelState, PowerModelState -> X86/params/PowerModelState.hh
 [SO Param] m5.objects.Ethernet, Sinic -> X86/python/_m5/param_Sinic.cc
 [SO Param] m5.objects.BadDevice, BadDevice -> X86/params/BadDevice.hh
 [SO Param] m5.objects.PciDevice, PciMemBar -> X86/params/PciMemBar.hh
 [SO Param] m5.objects.Prefetcher, AMPMPrefetcher -> X86/params/AMPMPrefetcher.hh
 [SO Param] m5.objects.MemChecker, MemChecker -> X86/params/MemChecker.hh
 [SO Param] m5.objects.IndexingPolicies, SkewedAssociative -> X86/params/SkewedAssociative.hh
 [SO Param] m5.objects.TickedObject, TickedObject -> X86/python/_m5/param_TickedObject.cc
 [SO Param] m5.objects.ACPI, X86ACPIMadtIOAPIC -> X86/python/_m5/param_X86ACPIMadtIOAPIC.cc
 [ENUM STR] m5.objects.IntelMP, X86IntelMPPolarity -> X86/enums/X86IntelMPPolarity.cc
 [SO Param] m5.objects.X86LocalApic, X86LocalApic -> X86/python/_m5/param_X86LocalApic.cc
 [SO Param] m5.objects.BaseMinorCPU, MinorFUTiming -> X86/params/MinorFUTiming.hh
 [SO Param] m5.objects.AddrMapper, RangeAddrMapper -> X86/params/RangeAddrMapper.hh
 [SO Param] m5.objects.BranchPredictor, TAGE_SC_L_TAGE_8KB -> X86/params/TAGE_SC_L_TAGE_8KB.hh
 [SO Param] m5.objects.E820, X86E820Table -> X86/params/X86E820Table.hh
 [SO Param] m5.objects.TlmBridge, TlmToGem5Bridge128 -> X86/python/_m5/param_TlmToGem5Bridge128.cc
 [SO Param] m5.objects.I2C, I2CDevice -> X86/params/I2CDevice.hh
 [SO Param] m5.objects.GlobalVariableCache, GlobalVariableCache -> X86/params/GlobalVariableCache.hh
 [SO Param] m5.objects.Ethernet, EtherSwitch -> X86/python/_m5/param_EtherSwitch.cc
 [SO Param] m5.objects.BaseSimpleCPU, BaseSimpleCPU -> X86/python/_m5/param_BaseSimpleCPU.cc
 [SO Param] m5.objects.TimingExpr, TimingExprUn -> X86/params/TimingExprUn.hh
 [SO Param] m5.objects.Workload, Workload -> X86/params/Workload.hh
 [SO Param] m5.objects.Compressors, Base32Delta16 -> X86/python/_m5/param_Base32Delta16.cc
 [ENUMDECL] m5.objects.BaseO3CPU, SMTFetchPolicy -> X86/enums/SMTFetchPolicy.hh
 [SO Param] m5.objects.X86FsWorkload, X86FsLinux -> X86/params/X86FsLinux.hh
 [ENUMDECL] m5.objects.IntelMP, X86IntelMPPolarity -> X86/enums/X86IntelMPPolarity.hh
 [SO Param] m5.objects.Compressors, ZeroCompressor -> X86/params/ZeroCompressor.hh
 [SO Param] m5.objects.QoSPolicy, QoSPolicy -> X86/params/QoSPolicy.hh
 [SO Param] m5.objects.BranchPredictor, MPP_LoopPredictor -> X86/params/MPP_LoopPredictor.hh
 [SO Param] m5.objects.SimpleNetwork, WeightBased -> X86/python/_m5/param_WeightBased.cc
 [SO Param] m5.objects.Prefetcher, SlimAMPMPrefetcher -> X86/python/_m5/param_SlimAMPMPrefetcher.cc
 [SO Param] m5.objects.Ethernet, EtherDevice -> X86/python/_m5/param_EtherDevice.cc
 [SO Param] m5.objects.Prefetcher, MultiPrefetcher -> X86/python/_m5/param_MultiPrefetcher.cc
 [SO Param] m5.objects.CommMonitor, CommMonitor -> X86/params/CommMonitor.hh
 [SO Param] m5.objects.TlmBridge, Gem5ToTlmBridge256 -> X86/params/Gem5ToTlmBridge256.hh
 [SO Param] m5.objects.ClockedObject, ClockedObject -> X86/python/_m5/param_ClockedObject.cc
 [SO Param] m5.objects.XBar, CoherentXBar -> X86/python/_m5/param_CoherentXBar.cc
 [SO Param] m5.objects.BaseMMU, BaseMMU -> X86/python/_m5/param_BaseMMU.cc
 [SO Param] m5.objects.L1Cache_Controller, L1Cache_Controller -> X86/params/L1Cache_Controller.hh
 [SO Param] m5.objects.BranchPredictor, TAGE_SC_L -> X86/python/_m5/param_TAGE_SC_L.cc
 [SO Param] m5.objects.CheckerCPU, CheckerCPU -> X86/python/_m5/param_CheckerCPU.cc
 [ENUMDECL] m5.objects.I8259, X86I8259CascadeMode -> X86/enums/X86I8259CascadeMode.hh
 [SO Param] m5.objects.IntelMP, X86IntelMPBaseConfigEntry -> X86/params/X86IntelMPBaseConfigEntry.hh
 [SO Param] m5.objects.X86TLB, X86PagetableWalker -> X86/python/_m5/param_X86PagetableWalker.cc
 [SO Param] m5.objects.BloomFilters, BloomFilterMultiBitSel -> X86/params/BloomFilterMultiBitSel.hh
 [SO Param] m5.objects.GarnetLink, GarnetExtLink -> X86/python/_m5/param_GarnetExtLink.cc
 [SO Param] m5.objects.ClockDomain, SrcClockDomain -> X86/python/_m5/param_SrcClockDomain.cc
 [SO Param] m5.objects.X86LocalApic, X86LocalApic -> X86/params/X86LocalApic.hh
 [SO Param] m5.objects.BaseMinorCPU, MinorOpClass -> X86/python/_m5/param_MinorOpClass.cc
 [SO Param] m5.objects.BranchPredictor, BranchPredictor -> X86/python/_m5/param_BranchPredictor.cc
 [SO Param] m5.objects.ReplacementPolicies, FIFORP -> X86/params/FIFORP.hh
 [SO Param] m5.objects.ThermalModel, ThermalResistor -> X86/python/_m5/param_ThermalResistor.cc
 [SO Param] m5.objects.Ethernet, Sinic -> X86/params/Sinic.hh
 [SO Param] m5.objects.MessageBuffer, MessageBuffer -> X86/python/_m5/param_MessageBuffer.cc
 [SO Param] m5.objects.BranchPredictor, MultiperspectivePerceptronTAGE64KB -> X86/python/_m5/param_MultiperspectivePerceptronTAGE64KB.cc
 [SO Param] m5.objects.ACPI, X86ACPIMadtIOAPIC -> X86/params/X86ACPIMadtIOAPIC.hh
 [SO Param] m5.objects.X86Ide, X86IdeController -> X86/python/_m5/param_X86IdeController.cc
 [SO Param] m5.objects.TlmBridge, TlmToGem5Bridge128 -> X86/params/TlmToGem5Bridge128.hh
 [SO Param] m5.objects.HeteroMemCtrl, HeteroMemCtrl -> X86/python/_m5/param_HeteroMemCtrl.cc
 [SO Param] m5.objects.RedirectPath, RedirectPath -> X86/python/_m5/param_RedirectPath.cc
 [SO Param] m5.objects.Ethernet, EtherSwitch -> X86/params/EtherSwitch.hh
 [SO Param] m5.objects.BloomFilters, BloomFilterPerfect -> X86/python/_m5/param_BloomFilterPerfect.cc
 [SO Param] m5.objects.PS2, PS2Device -> X86/params/PS2Device.hh
 [SO Param] m5.objects.BaseSimpleCPU, BaseSimpleCPU -> X86/params/BaseSimpleCPU.hh
 [SO Param] m5.objects.Compressors, Base32Delta16 -> X86/params/Base32Delta16.hh
 [SO Param] m5.objects.Uart, SimpleUart -> X86/python/_m5/param_SimpleUart.cc
 [SO Param] m5.objects.CheckerCPU, CheckerCPU -> X86/params/CheckerCPU.hh
 [SO Param] m5.objects.Prefetcher, TaggedPrefetcher -> X86/python/_m5/param_TaggedPrefetcher.cc
 [SO Param] m5.objects.I8237, I8237 -> X86/python/_m5/param_I8237.cc
 [SO Param] m5.objects.X86TLB, X86PagetableWalker -> X86/params/X86PagetableWalker.hh
 [SO Param] m5.objects.Device, BasicPioDevice -> X86/python/_m5/param_BasicPioDevice.cc
 [SO Param] m5.objects.BaseMinorCPU, MinorOpClass -> X86/params/MinorOpClass.hh
 [SO Param] m5.objects.SimpleNetwork, WeightBased -> X86/params/WeightBased.hh
 [SO Param] m5.objects.SimpleLink, SimpleExtLink -> X86/python/_m5/param_SimpleExtLink.cc
 [SO Param] m5.objects.Prefetcher, SlimAMPMPrefetcher -> X86/params/SlimAMPMPrefetcher.hh
 [SO Param] m5.objects.Prefetcher, MultiPrefetcher -> X86/params/MultiPrefetcher.hh
 [SO Param] m5.objects.SystemC, SystemC_Kernel -> X86/params/SystemC_Kernel.hh
 [SO Param] m5.objects.Compressors, FPCD -> X86/python/_m5/param_FPCD.cc
 [SO Param] m5.objects.XBar, CoherentXBar -> X86/params/CoherentXBar.hh
 [SO Param] m5.objects.MessageBuffer, MessageBuffer -> X86/params/MessageBuffer.hh
 [SO Param] m5.objects.ReplacementPolicies, BIPRP -> X86/python/_m5/param_BIPRP.cc
 [SO Param] m5.objects.BaseMMU, BaseMMU -> X86/params/BaseMMU.hh
 [SO Param] m5.objects.BranchPredictor, TAGE_SC_L -> X86/params/TAGE_SC_L.hh
 [SO Param] m5.objects.DiskImage, DiskImage -> X86/python/_m5/param_DiskImage.cc
 [SO Param] m5.objects.QemuFwCfg, QemuFwCfgItemString -> X86/params/QemuFwCfgItemString.hh
 [SO Param] m5.objects.TickedObject, TickedObject -> X86/params/TickedObject.hh
 [SO Param] m5.objects.TimingExpr, TimingExprIf -> X86/python/_m5/param_TimingExprIf.cc
 [SO Param] m5.objects.GarnetLink, GarnetExtLink -> X86/params/GarnetExtLink.hh
 [SO Param] m5.objects.ClockDomain, SrcClockDomain -> X86/params/SrcClockDomain.hh
 [SO Param] m5.objects.Uart, Uart8250 -> X86/python/_m5/param_Uart8250.cc
 [SO Param] m5.objects.BranchPredictor, BranchPredictor -> X86/params/BranchPredictor.hh
 [SO Param] m5.objects.HeteroMemCtrl, HeteroMemCtrl -> X86/params/HeteroMemCtrl.hh
 [SO Param] m5.objects.RedirectPath, RedirectPath -> X86/params/RedirectPath.hh
 [SO Param] m5.objects.BranchPredictor, TAGEBase -> X86/python/_m5/param_TAGEBase.cc
 [SO Param] m5.objects.ThermalModel, ThermalResistor -> X86/params/ThermalResistor.hh
 [SO Param] m5.objects.HelloObject, GoodbyeObject -> X86/params/GoodbyeObject.hh
 [ENUM STR] m5.objects.BaseO3CPU, SMTQueuePolicy -> X86/enums/SMTQueuePolicy.cc
 [SO Param] m5.objects.BranchPredictor, MultiperspectivePerceptronTAGE64KB -> X86/params/MultiperspectivePerceptronTAGE64KB.hh
 [SO Param] m5.objects.QoSPolicy, QoSFixedPriorityPolicy -> X86/python/_m5/param_QoSFixedPriorityPolicy.cc
 [SO Param] m5.objects.SimObject, SimObject -> X86/python/_m5/param_SimObject.cc
 [SO Param] m5.objects.Prefetcher, PIFPrefetcher -> X86/python/_m5/param_PIFPrefetcher.cc
 [SO Param] m5.objects.Prefetcher, AccessMapPatternMatching -> X86/python/_m5/param_AccessMapPatternMatching.cc
 [SO Param] m5.objects.SerialLink, SerialLink -> X86/python/_m5/param_SerialLink.cc
 [SO Param] m5.objects.X86Ide, X86IdeController -> X86/params/X86IdeController.hh
 [SO Param] m5.objects.TimingExpr, TimingExpr -> X86/python/_m5/param_TimingExpr.cc
 [SO Param] m5.objects.ReplacementPolicies, BaseReplacementPolicy -> X86/python/_m5/param_BaseReplacementPolicy.cc
 [SO Param] m5.objects.SimpleLink, SimpleExtLink -> X86/params/SimpleExtLink.hh
 [SO Param] m5.objects.IntelMP, X86IntelMPIOAPIC -> X86/params/X86IntelMPIOAPIC.hh
 [SO Param] m5.objects.BloomFilters, BloomFilterPerfect -> X86/params/BloomFilterPerfect.hh
 [ENUMDECL] m5.objects.BaseO3CPU, SMTQueuePolicy -> X86/enums/SMTQueuePolicy.hh
 [SO Param] m5.objects.GarnetNetwork, GarnetRouter -> X86/python/_m5/param_GarnetRouter.cc
 [SO Param] m5.objects.Uart, SimpleUart -> X86/params/SimpleUart.hh
 [SO Param] m5.objects.Pc, Pc -> X86/python/_m5/param_Pc.cc
 [SO Param] m5.objects.VirtIO9P, VirtIO9PSocket -> X86/python/_m5/param_VirtIO9PSocket.cc
 [SO Param] m5.objects.Prefetcher, TaggedPrefetcher -> X86/params/TaggedPrefetcher.hh
 [ENUM STR] m5.objects.IntelMP, X86IntelMPInterruptType -> X86/enums/X86IntelMPInterruptType.cc
 [SO Param] m5.objects.Device, BasicPioDevice -> X86/params/BasicPioDevice.hh
 [SO Param] m5.objects.I8237, I8237 -> X86/params/I8237.hh
 [SO Param] m5.objects.RubyDirectedTester, InvalidateGenerator -> X86/python/_m5/param_InvalidateGenerator.cc
 [SO Param] m5.objects.FUPool, FUPool -> X86/params/FUPool.hh
 [SO Param] m5.objects.BranchPredictor, MultiperspectivePerceptronTAGE8KB -> X86/python/_m5/param_MultiperspectivePerceptronTAGE8KB.cc
 [SO Param] m5.objects.ACPI, X86ACPIMadtLAPICOverride -> X86/python/_m5/param_X86ACPIMadtLAPICOverride.cc
 [SO Param] m5.objects.Sequencer, RubyHTMSequencer -> X86/python/_m5/param_RubyHTMSequencer.cc
 [SO Param] m5.objects.VirtIORng, VirtIORng -> X86/python/_m5/param_VirtIORng.cc
 [SO Param] m5.objects.CopyEngine, CopyEngine -> X86/python/_m5/param_CopyEngine.cc
 [SO Param] m5.objects.SharedMemoryServer, SharedMemoryServer -> X86/python/_m5/param_SharedMemoryServer.cc
 [SO Param] m5.objects.BaseO3Checker, BaseO3Checker -> X86/python/_m5/param_BaseO3Checker.cc
 [SO Param] m5.objects.ReplacementPolicies, BIPRP -> X86/params/BIPRP.hh
 [SO Param] m5.objects.PciDevice, PciBar -> X86/python/_m5/param_PciBar.cc
 [SO Param] m5.objects.VirtIO, PciVirtIO -> X86/python/_m5/param_PciVirtIO.cc
 [SO Param] m5.objects.DiskImage, DiskImage -> X86/params/DiskImage.hh
 [SO Param] m5.objects.TimingExpr, TimingExprIf -> X86/params/TimingExprIf.hh
 [SO Param] m5.objects.SerialLink, SerialLink -> X86/params/SerialLink.hh
 [SO Param] m5.objects.Ethernet, EtherDevice -> X86/params/EtherDevice.hh
 [SO Param] m5.objects.TimingExpr, TimingExpr -> X86/params/TimingExpr.hh
 [SO Param] m5.objects.ACPI, X86ACPIRSDT -> X86/python/_m5/param_X86ACPIRSDT.cc
 [SO Param] m5.objects.BranchPredictor, TAGEBase -> X86/params/TAGEBase.hh
 [SO Param] m5.objects.ExternalMaster, ExternalMaster -> X86/python/_m5/param_ExternalMaster.cc
 [SO Param] m5.objects.TlmBridge, Gem5ToTlmBridge128 -> X86/python/_m5/param_Gem5ToTlmBridge128.cc
 [SO Param] m5.objects.RubyCache, RubyCache -> X86/python/_m5/param_RubyCache.cc
 [ENUM STR] m5.objects.MemInterface, AddrMap -> X86/enums/AddrMap.cc
 [SO Param] m5.objects.BloomFilters, BloomFilterBase -> X86/params/BloomFilterBase.hh
 [SO Param] m5.objects.Compressors, FPCD -> X86/params/FPCD.hh
 [SO Param] m5.objects.FaultModel, FaultModel -> X86/python/_m5/param_FaultModel.cc
 [SO Param] m5.objects.PciDevice, PciBar -> X86/params/PciBar.hh
 [SO Param] m5.objects.Prefetcher, PIFPrefetcher -> X86/params/PIFPrefetcher.hh
 [SO Param] m5.objects.Prefetcher, AccessMapPatternMatching -> X86/params/AccessMapPatternMatching.hh
 [SO Param] m5.objects.SimObject, SimObject -> X86/params/SimObject.hh
 [SO Param] m5.objects.Tags, FALRU -> X86/python/_m5/param_FALRU.cc
 [SO Param] m5.objects.Compressors, BaseDictionaryCompressor -> X86/python/_m5/param_BaseDictionaryCompressor.cc
 [SO Param] m5.objects.GarnetNetwork, GarnetNetworkInterface -> X86/python/_m5/param_GarnetNetworkInterface.cc
 [SO Param] m5.objects.System, System -> X86/python/_m5/param_System.cc
 [SO Param] m5.objects.ReplacementPolicies, SHiPRP -> X86/python/_m5/param_SHiPRP.cc
 [SO Param] m5.objects.SimpleCache, SimpleCache -> X86/python/_m5/param_SimpleCache.cc
 [SO Param] m5.objects.PciDevice, PciLegacyIoBar -> X86/python/_m5/param_PciLegacyIoBar.cc
 [SO Param] m5.objects.SharedMemoryServer, SharedMemoryServer -> X86/params/SharedMemoryServer.hh
 [     CXX] X86/global_variable_cache/global_variable_cache.cc -> .fo
 [SO Param] m5.objects.GarnetNetwork, GarnetRouter -> X86/params/GarnetRouter.hh
 [SO Param] m5.objects.IndexingPolicies, SetAssociative -> X86/python/_m5/param_SetAssociative.cc
 [SO Param] m5.objects.VirtIO9P, VirtIO9PSocket -> X86/params/VirtIO9PSocket.hh
 [ENUMDECL] m5.objects.IntelMP, X86IntelMPInterruptType -> X86/enums/X86IntelMPInterruptType.hh
 [SO Param] m5.objects.BaseMinorCPU, MinorOpClassSet -> X86/python/_m5/param_MinorOpClassSet.cc
 [SO Param] m5.objects.BranchPredictor, TAGE_SC_L_TAGE_64KB -> X86/python/_m5/param_TAGE_SC_L_TAGE_64KB.cc
 [SO Param] m5.objects.RubyDirectedTester, InvalidateGenerator -> X86/params/InvalidateGenerator.hh
 [SO Param] m5.objects.PortTerminator, PortTerminator -> X86/python/_m5/param_PortTerminator.cc
 [SO Param] m5.objects.BranchPredictor, MultiperspectivePerceptronTAGE8KB -> X86/params/MultiperspectivePerceptronTAGE8KB.hh
 [SO Param] m5.objects.ACPI, X86ACPIMadtLAPICOverride -> X86/params/X86ACPIMadtLAPICOverride.hh
 [SO Param] m5.objects.ExternalMaster, ExternalMaster -> X86/params/ExternalMaster.hh
 [SO Param] m5.objects.Sequencer, RubyHTMSequencer -> X86/params/RubyHTMSequencer.hh
 [SO Param] m5.objects.VirtIORng, VirtIORng -> X86/params/VirtIORng.hh
 [SO Param] m5.objects.CopyEngine, CopyEngine -> X86/params/CopyEngine.hh
 [SO Param] m5.objects.BaseO3Checker, BaseO3Checker -> X86/params/BaseO3Checker.hh
 [SO Param] m5.objects.Serial, SerialNullDevice -> X86/python/_m5/param_SerialNullDevice.cc
 [SO Param] m5.objects.VirtIO, PciVirtIO -> X86/params/PciVirtIO.hh
 [SO Param] m5.objects.TimingExpr, TimingExprRef -> X86/python/_m5/param_TimingExprRef.cc
 [SO Param] m5.objects.BaseInterrupts, BaseInterrupts -> X86/params/BaseInterrupts.hh
 [SO Param] m5.objects.BaseO3CPU, BaseO3CPU -> X86/python/_m5/param_BaseO3CPU.cc
 [SO Param] m5.objects.RubyCache, RubyCache -> X86/params/RubyCache.hh
 [SO Param] m5.objects.Pc, Pc -> X86/params/Pc.hh
 [SO Param] m5.objects.X86FsWorkload, X86FsWorkload -> X86/python/_m5/param_X86FsWorkload.cc
 [SO Param] m5.objects.Cache, WriteAllocator -> X86/python/_m5/param_WriteAllocator.cc
 [SO Param] m5.objects.Compressors, RepeatedQwordsCompressor -> X86/python/_m5/param_RepeatedQwordsCompressor.cc
 [SO Param] m5.objects.BranchPredictor, MPP_TAGE -> X86/python/_m5/param_MPP_TAGE.cc
 [SO Param] m5.objects.ACPI, X86ACPIRSDT -> X86/params/X86ACPIRSDT.hh
 [SO Param] m5.objects.System, System -> X86/params/System.hh
 [SO Param] m5.objects.AddrMapper, AddrMapper -> X86/python/_m5/param_AddrMapper.cc
 [SO Param] m5.objects.TlmBridge, Gem5ToTlmBridge128 -> X86/params/Gem5ToTlmBridge128.hh
 [ENUMDECL] m5.objects.MemInterface, AddrMap -> X86/enums/AddrMap.hh
 [SO Param] m5.objects.PS2, PS2Keyboard -> X86/python/_m5/param_PS2Keyboard.cc
 [SO Param] m5.objects.FaultModel, FaultModel -> X86/params/FaultModel.hh
 [SO Param] m5.objects.IndexingPolicies, BaseIndexingPolicy -> X86/python/_m5/param_BaseIndexingPolicy.cc
 [SO Param] m5.objects.I8259, I8259 -> X86/python/_m5/param_I8259.cc
 [SO Param] m5.objects.Process, EmulatedDriver -> X86/python/_m5/param_EmulatedDriver.cc
 [SO Param] m5.objects.IntelMP, X86IntelMPConfigTable -> X86/python/_m5/param_X86IntelMPConfigTable.cc
 [SO Param] m5.objects.BloomFilters, BloomFilterBlock -> X86/python/_m5/param_BloomFilterBlock.cc
 [SO Param] m5.objects.Tags, FALRU -> X86/params/FALRU.hh
 [SO Param] m5.objects.Compressors, BaseDictionaryCompressor -> X86/params/BaseDictionaryCompressor.hh
 [SO Param] m5.objects.GarnetNetwork, GarnetNetworkInterface -> X86/params/GarnetNetworkInterface.hh
 [SO Param] m5.objects.ReplacementPolicies, DuelingRP -> X86/python/_m5/param_DuelingRP.cc
 [SO Param] m5.objects.ReplacementPolicies, SHiPRP -> X86/params/SHiPRP.hh
 [SO Param] m5.objects.SimpleDisk, SimpleDisk -> X86/python/_m5/param_SimpleDisk.cc
 [SO Param] m5.objects.SimpleObject, SimpleObject -> X86/python/_m5/param_SimpleObject.cc
 [SO Param] m5.objects.ReplacementPolicies, BaseReplacementPolicy -> X86/params/BaseReplacementPolicy.hh
 [SO Param] m5.objects.PortTerminator, PortTerminator -> X86/params/PortTerminator.hh
 [SO Param] m5.objects.SimpleCache, SimpleCache -> X86/params/SimpleCache.hh
 [SO Param] m5.objects.AbstractMemory, AbstractMemory -> X86/python/_m5/param_AbstractMemory.cc
 [SO Param] m5.objects.SystemC, SystemC_ScObject -> X86/python/_m5/param_SystemC_ScObject.cc
 [SO Param] m5.objects.Ethernet, NSGigE -> X86/python/_m5/param_NSGigE.cc
 [SO Param] m5.objects.PciDevice, PciLegacyIoBar -> X86/params/PciLegacyIoBar.hh
 [ENUM STR] m5.objects.PowerModel, PMType -> X86/enums/PMType.cc
 [SO Param] m5.objects.IndexingPolicies, SetAssociative -> X86/params/SetAssociative.hh
 [SO Param] m5.objects.ACPI, X86ACPIMadtLAPIC -> X86/python/_m5/param_X86ACPIMadtLAPIC.cc
 [SO Param] m5.objects.BranchPredictor, TAGE_SC_L_TAGE_64KB -> X86/params/TAGE_SC_L_TAGE_64KB.hh
 [SO Param] m5.objects.TlmBridge, TlmToGem5Bridge64 -> X86/python/_m5/param_TlmToGem5Bridge64.cc
 [ENUM STR] m5.objects.StaticInstFlags, StaticInstFlags -> X86/enums/StaticInstFlags.cc
 [SO Param] m5.objects.Ethernet, EtherBus -> X86/python/_m5/param_EtherBus.cc
 [SO Param] m5.objects.Serial, SerialNullDevice -> X86/params/SerialNullDevice.hh
 [SO Param] m5.objects.Ethernet, EtherDevBase -> X86/python/_m5/param_EtherDevBase.cc
 [SO Param] m5.objects.I82094AA, I82094AA -> X86/python/_m5/param_I82094AA.cc
 [SO Param] m5.objects.TimingExpr, TimingExprRef -> X86/params/TimingExprRef.hh
 [SO Param] m5.objects.PciDevice, PciIoBar -> X86/python/_m5/param_PciIoBar.cc
 [SO Param] m5.objects.Compressors, Base32Delta8 -> X86/python/_m5/param_Base32Delta8.cc
 [SO Param] m5.objects.ReplacementPolicies, WeightedLRURP -> X86/python/_m5/param_WeightedLRURP.cc
 [SO Param] m5.objects.VirtIO, VirtIODeviceBase -> X86/params/VirtIODeviceBase.hh
 [SO Param] m5.objects.X86FsWorkload, X86FsWorkload -> X86/params/X86FsWorkload.hh
 [SO Param] m5.objects.BaseO3CPU, BaseO3CPU -> X86/params/BaseO3CPU.hh
 [SO Param] m5.objects.Compressors, RepeatedQwordsCompressor -> X86/params/RepeatedQwordsCompressor.hh
 [SO Param] m5.objects.BranchPredictor, MPP_TAGE -> X86/params/MPP_TAGE.hh
 [SO Param] m5.objects.SimpleNetwork, BaseRoutingUnit -> X86/python/_m5/param_BaseRoutingUnit.cc
 [SO Param] m5.objects.Prefetcher, IrregularStreamBufferPrefetcher -> X86/python/_m5/param_IrregularStreamBufferPrefetcher.cc
 [SO Param] m5.objects.GarnetLink, NetworkLink -> X86/python/_m5/param_NetworkLink.cc
 [SO Param] m5.objects.OutgoingRequestBridge, OutgoingRequestBridge -> X86/params/OutgoingRequestBridge.hh
 [SO Param] m5.objects.AddrMapper, AddrMapper -> X86/params/AddrMapper.hh
 [SO Param] m5.objects.QemuFwCfg, QemuFwCfgMmio -> X86/python/_m5/param_QemuFwCfgMmio.cc
 [SO Param] m5.objects.PS2, PS2Keyboard -> X86/params/PS2Keyboard.hh
 [SO Param] m5.objects.XBar, NoncoherentXBar -> X86/python/_m5/param_NoncoherentXBar.cc
 [SO Param] m5.objects.BaseMinorCPU, BaseMinorCPU -> X86/python/_m5/param_BaseMinorCPU.cc
 [SO Param] m5.objects.BranchPredictor, StatisticalCorrector -> X86/python/_m5/param_StatisticalCorrector.cc
 [SO Param] m5.objects.InstDecoder, InstDecoder -> X86/python/_m5/param_InstDecoder.cc
 [SO Param] m5.objects.IntelMP, X86IntelMPConfigTable -> X86/params/X86IntelMPConfigTable.hh
 [SO Param] m5.objects.Process, EmulatedDriver -> X86/params/EmulatedDriver.hh
 [SO Param] m5.objects.IndexingPolicies, BaseIndexingPolicy -> X86/params/BaseIndexingPolicy.hh
 [SO Param] m5.objects.QemuFwCfg, QemuFwCfgItemFile -> X86/python/_m5/param_QemuFwCfgItemFile.cc
 [SO Param] m5.objects.I8259, I8259 -> X86/params/I8259.hh
 [SO Param] m5.objects.ClockDomain, ClockDomain -> X86/python/_m5/param_ClockDomain.cc
 [SO Param] m5.objects.BloomFilters, BloomFilterBlock -> X86/params/BloomFilterBlock.hh
 [SO Param] m5.objects.GarnetLink, GarnetIntLink -> X86/python/_m5/param_GarnetIntLink.cc
 [SO Param] m5.objects.GlobalVariableCache, GlobalVariableCache -> X86/python/_m5/param_GlobalVariableCache.cc
 [SO Param] m5.objects.Cache, WriteAllocator -> X86/params/WriteAllocator.hh
 [SO Param] m5.objects.BranchPredictor, SimpleIndirectPredictor -> X86/python/_m5/param_SimpleIndirectPredictor.cc
 [SO Param] m5.objects.ReplacementPolicies, DuelingRP -> X86/params/DuelingRP.hh
 [SO Param] m5.objects.Vnc, VncInput -> X86/python/_m5/param_VncInput.cc
 [SO Param] m5.objects.SimpleDisk, SimpleDisk -> X86/params/SimpleDisk.hh
 [SO Param] m5.objects.ThermalModel, ThermalNode -> X86/python/_m5/param_ThermalNode.cc
 [SO Param] m5.objects.SystemC, SystemC_ScObject -> X86/params/SystemC_ScObject.hh
 [ENUMDECL] m5.objects.StaticInstFlags, StaticInstFlags -> X86/enums/StaticInstFlags.hh
 [     CXX] X86/python/_m5/param_GlobalVariableCache.cc -> .fo
 [SO Param] m5.objects.IntelMP, X86IntelMPLocalIntAssignment -> X86/python/_m5/param_X86IntelMPLocalIntAssignment.cc
 [SO Param] m5.objects.Ethernet, NSGigE -> X86/params/NSGigE.hh
 [SO Param] m5.objects.HelloObject, HelloObject -> X86/python/_m5/param_HelloObject.cc
 [ENUMDECL] m5.objects.PowerModel, PMType -> X86/enums/PMType.hh
 [SO Param] m5.objects.BranchPredictor, MPP_StatisticalCorrector_64KB -> X86/python/_m5/param_MPP_StatisticalCorrector_64KB.cc
 [SO Param] m5.objects.ACPI, X86ACPIMadtLAPIC -> X86/params/X86ACPIMadtLAPIC.hh
 [SO Param] m5.objects.TlmBridge, TlmToGem5Bridge64 -> X86/params/TlmToGem5Bridge64.hh
 [SO Param] m5.objects.X86KvmCPU, X86KvmCPU -> X86/python/_m5/param_X86KvmCPU.cc
 [SO Param] m5.objects.PowerDomain, PowerDomain -> X86/python/_m5/param_PowerDomain.cc
 [SO Param] m5.objects.GarnetLink, NetworkLink -> X86/params/NetworkLink.hh
 [SO Param] m5.objects.Ethernet, EtherBus -> X86/params/EtherBus.hh
 [SO Param] m5.objects.IntelMP, X86IntelMPBus -> X86/python/_m5/param_X86IntelMPBus.cc
 [SO Param] m5.objects.RubyDirectedTester, DirectedGenerator -> X86/python/_m5/param_DirectedGenerator.cc
 [SO Param] m5.objects.BloomFilters, BloomFilterMulti -> X86/python/_m5/param_BloomFilterMulti.cc
 [SO Param] m5.objects.PciDevice, PciIoBar -> X86/params/PciIoBar.hh
 [ENUM STR] m5.objects.MemCtrl, MemSched -> X86/enums/MemSched.cc
 [SO Param] m5.objects.Compressors, Base32Delta8 -> X86/params/Base32Delta8.hh
 [SO Param] m5.objects.I82094AA, I82094AA -> X86/params/I82094AA.hh
 [SO Param] m5.objects.InstDecoder, InstDecoder -> X86/params/InstDecoder.hh
 [SO Param] m5.objects.Serial, SerialDevice -> X86/python/_m5/param_SerialDevice.cc
 [SO Param] m5.objects.PS2, PS2Device -> X86/python/_m5/param_PS2Device.cc
 [SO Param] m5.objects.ReplacementPolicies, WeightedLRURP -> X86/params/WeightedLRURP.hh
 [SO Param] m5.objects.Prefetcher, StridePrefetcher -> X86/python/_m5/param_StridePrefetcher.cc
 [SO Param] m5.objects.QemuFwCfg, QemuFwCfgItemString -> X86/python/_m5/param_QemuFwCfgItemString.cc
 [ENUMDECL] m5.objects.MemCtrl, MemSched -> X86/enums/MemSched.hh
 [SO Param] m5.objects.ClockDomain, ClockDomain -> X86/params/ClockDomain.hh
 [SO Param] m5.objects.SimpleNetwork, BaseRoutingUnit -> X86/params/BaseRoutingUnit.hh
 [SO Param] m5.objects.Prefetcher, IrregularStreamBufferPrefetcher -> X86/params/IrregularStreamBufferPrefetcher.hh
 [SO Param] m5.objects.SMBios, X86SMBiosSMBiosTable -> X86/python/_m5/param_X86SMBiosSMBiosTable.cc
 [SO Param] m5.objects.QemuFwCfg, QemuFwCfgMmio -> X86/params/QemuFwCfgMmio.hh
 [SO Param] m5.objects.XBar, NoncoherentXBar -> X86/params/NoncoherentXBar.hh
 [SO Param] m5.objects.AbstractMemory, AbstractMemory -> X86/params/AbstractMemory.hh
 [SO Param] m5.objects.ThermalModel, ThermalNode -> X86/params/ThermalNode.hh
 [SO Param] m5.objects.BaseMinorCPU, BaseMinorCPU -> X86/params/BaseMinorCPU.hh
 [SO Param] m5.objects.HelloObject, HelloObject -> X86/params/HelloObject.hh
 [SO Param] m5.objects.ReplacementPolicies, LRURP -> X86/python/_m5/param_LRURP.cc
 [SO Param] m5.objects.BranchPredictor, StatisticalCorrector -> X86/params/StatisticalCorrector.hh
 [SO Param] m5.objects.GarnetSyntheticTraffic, GarnetSyntheticTraffic -> X86/python/_m5/param_GarnetSyntheticTraffic.cc
 [SO Param] m5.objects.Platform, Platform -> X86/python/_m5/param_Platform.cc
 [SO Param] m5.objects.PciHost, GenericPciHost -> X86/params/GenericPciHost.hh
 [SO Param] m5.objects.QemuFwCfg, QemuFwCfgItemFile -> X86/params/QemuFwCfgItemFile.hh
 [SO Param] m5.objects.Serial, SerialDevice -> X86/params/SerialDevice.hh
 [SO Param] m5.objects.TimingExpr, TimingExprBin -> X86/python/_m5/param_TimingExprBin.cc
 [SO Param] m5.objects.GarnetLink, GarnetIntLink -> X86/params/GarnetIntLink.hh
 [SO Param] m5.objects.Ethernet, EtherDump -> X86/python/_m5/param_EtherDump.cc
 [SO Param] m5.objects.X86ISA, X86ISA -> X86/python/_m5/param_X86ISA.cc
 [SO Param] m5.objects.BaseAtomicSimpleCPU, BaseAtomicSimpleCPU -> X86/python/_m5/param_BaseAtomicSimpleCPU.cc
 [SO Param] m5.objects.BranchPredictor, SimpleIndirectPredictor -> X86/params/SimpleIndirectPredictor.hh
 [SO Param] m5.objects.QoSMemSinkInterface, QoSMemSinkInterface -> X86/python/_m5/param_QoSMemSinkInterface.cc
 [SO Param] m5.objects.Workload, SEWorkload -> X86/params/SEWorkload.hh
 [SO Param] m5.objects.DMA_Controller, DMA_Controller -> X86/python/_m5/param_DMA_Controller.cc
 [SO Param] m5.objects.Vnc, VncInput -> X86/params/VncInput.hh
 [SO Param] m5.objects.BranchPredictor, BiModeBP -> X86/python/_m5/param_BiModeBP.cc
 [SO Param] m5.objects.PowerDomain, PowerDomain -> X86/params/PowerDomain.hh
 [SO Param] m5.objects.IntelMP, X86IntelMPLocalIntAssignment -> X86/params/X86IntelMPLocalIntAssignment.hh
 [SO Param] m5.objects.Compressors, FPC -> X86/python/_m5/param_FPC.cc
 [SO Param] m5.objects.BranchPredictor, MPP_StatisticalCorrector_64KB -> X86/params/MPP_StatisticalCorrector_64KB.hh
 [SO Param] m5.objects.RubyDirectedTester, DirectedGenerator -> X86/params/DirectedGenerator.hh
 [SO Param] m5.objects.Device, PioDevice -> X86/params/PioDevice.hh
 [SO Param] m5.objects.Prefetcher, STeMSPrefetcher -> X86/python/_m5/param_STeMSPrefetcher.cc
 [SO Param] m5.objects.Prefetcher, SignaturePathPrefetcherV2 -> X86/python/_m5/param_SignaturePathPrefetcherV2.cc
 [SO Param] m5.objects.BaseMinorCPU, MinorOpClassSet -> X86/params/MinorOpClassSet.hh
 [SO Param] m5.objects.DMA_Controller, DMA_Controller -> X86/params/DMA_Controller.hh
 [SO Param] m5.objects.IntelMP, X86IntelMPBus -> X86/params/X86IntelMPBus.hh
 [SO Param] m5.objects.SubSystem, SubSystem -> X86/python/_m5/param_SubSystem.cc
 [SO Param] m5.objects.BloomFilters, BloomFilterMulti -> X86/params/BloomFilterMulti.hh
 [SO Param] m5.objects.StackDistProbe, StackDistProbe -> X86/python/_m5/param_StackDistProbe.cc
 [SO Param] m5.objects.GarnetSyntheticTraffic, GarnetSyntheticTraffic -> X86/params/GarnetSyntheticTraffic.hh
 [SO Param] m5.objects.VirtIO9P, VirtIO9PDiod -> X86/python/_m5/param_VirtIO9PDiod.cc
 [SO Param] m5.objects.IntelMP, X86IntelMPCompatAddrSpaceMod -> X86/python/_m5/param_X86IntelMPCompatAddrSpaceMod.cc
 [SO Param] m5.objects.GUPSGen, GUPSGen -> X86/python/_m5/param_GUPSGen.cc
 [SO Param] m5.objects.Prefetcher, StridePrefetcher -> X86/params/StridePrefetcher.hh
 [SO Param] m5.objects.BranchPredictor, IndirectPredictor -> X86/python/_m5/param_IndirectPredictor.cc
 [SO Param] m5.objects.ThermalModel, ThermalModel -> X86/python/_m5/param_ThermalModel.cc
 [SO Param] m5.objects.X86NativeTrace, X86NativeTrace -> X86/python/_m5/param_X86NativeTrace.cc
 [SO Param] m5.objects.RubyDirectedTester, SeriesRequestGenerator -> X86/python/_m5/param_SeriesRequestGenerator.cc
 [SO Param] m5.objects.SimPoint, SimPoint -> X86/python/_m5/param_SimPoint.cc
 [SO Param] m5.objects.X86ISA, X86ISA -> X86/params/X86ISA.hh
 [SO Param] m5.objects.QoSMemSinkInterface, QoSMemSinkInterface -> X86/params/QoSMemSinkInterface.hh
 [SO Param] m5.objects.BranchPredictor, MPP_StatisticalCorrector_8KB -> X86/python/_m5/param_MPP_StatisticalCorrector_8KB.cc
 [SO Param] m5.objects.ACPI, X86ACPIMadtNMI -> X86/python/_m5/param_X86ACPIMadtNMI.cc
 [SO Param] m5.objects.Sequencer, RubySequencer -> X86/python/_m5/param_RubySequencer.cc
 [SO Param] m5.objects.SubSystem, SubSystem -> X86/params/SubSystem.hh
 [SO Param] m5.objects.ReplacementPolicies, LRURP -> X86/params/LRURP.hh
 [SO Param] m5.objects.VirtIO, VirtIODummyDevice -> X86/python/_m5/param_VirtIODummyDevice.cc
 [SO Param] m5.objects.BasicRouter, BasicRouter -> X86/python/_m5/param_BasicRouter.cc
 [SO Param] m5.objects.Platform, Platform -> X86/params/Platform.hh
 [SO Param] m5.objects.Ethernet, EtherDump -> X86/params/EtherDump.hh
 [SO Param] m5.objects.X86KvmCPU, X86KvmCPU -> X86/params/X86KvmCPU.hh
 [SO Param] m5.objects.ACPI, X86ACPISysDescTable -> X86/python/_m5/param_X86ACPISysDescTable.cc
 [SO Param] m5.objects.BaseAtomicSimpleCPU, BaseAtomicSimpleCPU -> X86/params/BaseAtomicSimpleCPU.hh
 [SO Param] m5.objects.BranchPredictor, BiModeBP -> X86/params/BiModeBP.hh
 [SO Param] m5.objects.TlmBridge, Gem5ToTlmBridge64 -> X86/python/_m5/param_Gem5ToTlmBridge64.cc
 [SO Param] m5.objects.MemInterface, MemInterface -> X86/python/_m5/param_MemInterface.cc
 [SO Param] m5.objects.Compressors, FPC -> X86/params/FPC.hh
 [SO Param] m5.objects.Device, IsaFake -> X86/python/_m5/param_IsaFake.cc
 [SO Param] m5.objects.StackDistProbe, StackDistProbe -> X86/params/StackDistProbe.hh
 [SO Param] m5.objects.BaseISA, BaseISA -> X86/python/_m5/param_BaseISA.cc
 [SO Param] m5.objects.Prefetcher, STeMSPrefetcher -> X86/params/STeMSPrefetcher.hh
 [SO Param] m5.objects.Prefetcher, SignaturePathPrefetcherV2 -> X86/params/SignaturePathPrefetcherV2.hh
 [SO Param] m5.objects.Tags, CompressedTags -> X86/python/_m5/param_CompressedTags.cc
 [SO Param] m5.objects.GarnetNetwork, GarnetNetwork -> X86/python/_m5/param_GarnetNetwork.cc
 [ENUM STR] m5.objects.Cache, Clusivity -> X86/enums/Clusivity.cc
 [SO Param] m5.objects.X86NativeTrace, X86NativeTrace -> X86/params/X86NativeTrace.hh
 [SO Param] m5.objects.SimPoint, SimPoint -> X86/params/SimPoint.hh
 [SO Param] m5.objects.ReplacementPolicies, BRRIPRP -> X86/python/_m5/param_BRRIPRP.cc
 [ENUM STR] m5.objects.BaseMinorCPU, ThreadPolicy -> X86/enums/ThreadPolicy.cc
 [SO Param] m5.objects.MemInterface, MemInterface -> X86/params/MemInterface.hh
 [SO Param] m5.objects.Process, Process -> X86/python/_m5/param_Process.cc
 [SO Param] m5.objects.BasicRouter, BasicRouter -> X86/params/BasicRouter.hh
 [SO Param] m5.objects.VirtIO9P, VirtIO9PDiod -> X86/params/VirtIO9PDiod.hh
 [SO Param] m5.objects.BranchPredictor, TAGE_SC_L_8KB -> X86/python/_m5/param_TAGE_SC_L_8KB.cc
 [SO Param] m5.objects.IntelMP, X86IntelMPCompatAddrSpaceMod -> X86/params/X86IntelMPCompatAddrSpaceMod.hh
 [SO Param] m5.objects.BranchPredictor, TAGE_SC_L_TAGE -> X86/python/_m5/param_TAGE_SC_L_TAGE.cc
 [SO Param] m5.objects.GUPSGen, GUPSGen -> X86/params/GUPSGen.hh
 [SO Param] m5.objects.BranchPredictor, IndirectPredictor -> X86/params/IndirectPredictor.hh
 [SO Param] m5.objects.RubyDirectedTester, SeriesRequestGenerator -> X86/params/SeriesRequestGenerator.hh
 [SO Param] m5.objects.PS2, PS2TouchKit -> X86/python/_m5/param_PS2TouchKit.cc
 [SO Param] m5.objects.ThermalModel, ThermalModel -> X86/params/ThermalModel.hh
 [SO Param] m5.objects.ACPI, X86ACPISysDescTable -> X86/params/X86ACPISysDescTable.hh
 [SO Param] m5.objects.BranchPredictor, MPP_StatisticalCorrector_8KB -> X86/params/MPP_StatisticalCorrector_8KB.hh
 [SO Param] m5.objects.SMBios, X86SMBiosSMBiosTable -> X86/params/X86SMBiosSMBiosTable.hh
 [SO Param] m5.objects.ACPI, X86ACPIMadtNMI -> X86/params/X86ACPIMadtNMI.hh
 [SO Param] m5.objects.Sequencer, RubySequencer -> X86/params/RubySequencer.hh
 [SO Param] m5.objects.MemTest, MemTest -> X86/python/_m5/param_MemTest.cc
 [SO Param] m5.objects.VirtIO, VirtIODummyDevice -> X86/params/VirtIODummyDevice.hh
 [SO Param] m5.objects.TimingExpr, TimingExprLet -> X86/python/_m5/param_TimingExprLet.cc
 [SO Param] m5.objects.Uart, Uart -> X86/python/_m5/param_Uart.cc
 [SO Param] m5.objects.BaseISA, BaseISA -> X86/params/BaseISA.hh
 [SO Param] m5.objects.X86FsWorkload, X86BareMetalWorkload -> X86/python/_m5/param_X86BareMetalWorkload.cc
 [SO Param] m5.objects.Compressors, PerfectCompressor -> X86/python/_m5/param_PerfectCompressor.cc
 [SO Param] m5.objects.MemCtrl, MemCtrl -> X86/python/_m5/param_MemCtrl.cc
 [SO Param] m5.objects.BranchPredictor, MultiperspectivePerceptron64KB -> X86/python/_m5/param_MultiperspectivePerceptron64KB.cc
 [SO Param] m5.objects.GarnetNetwork, GarnetNetwork -> X86/params/GarnetNetwork.hh
 [SO Param] m5.objects.CPUTracers, NativeTrace -> X86/python/_m5/param_NativeTrace.cc
 [SO Param] m5.objects.Tags, BaseTags -> X86/python/_m5/param_BaseTags.cc
 [SO Param] m5.objects.TlmBridge, Gem5ToTlmBridge64 -> X86/params/Gem5ToTlmBridge64.hh
 [SO Param] m5.objects.Device, IsaFake -> X86/params/IsaFake.hh
 [SO Param] m5.objects.IntelMP, X86IntelMPFloatingPointer -> X86/python/_m5/param_X86IntelMPFloatingPointer.cc
 [SO Param] m5.objects.FUPool, FUPool -> X86/python/_m5/param_FUPool.cc
 [SO Param] m5.objects.PciDevice, PciMemUpperBar -> X86/python/_m5/param_PciMemUpperBar.cc
 [ENUMDECL] m5.objects.Cache, Clusivity -> X86/enums/Clusivity.hh
 [SO Param] m5.objects.ReplacementPolicies, BRRIPRP -> X86/params/BRRIPRP.hh
 [ENUMDECL] m5.objects.BaseMinorCPU, ThreadPolicy -> X86/enums/ThreadPolicy.hh
 [SO Param] m5.objects.SimpleObject, SimpleObject -> X86/params/SimpleObject.hh
 [SO Param] m5.objects.PowerModel, PowerModel -> X86/python/_m5/param_PowerModel.cc
 [ENUM STR] m5.objects.FuncUnit, OpClass -> X86/enums/OpClass.cc
 [SO Param] m5.objects.MemTest, MemTest -> X86/params/MemTest.hh
 [SO Param] m5.objects.ACPI, X86ACPIMadt -> X86/python/_m5/param_X86ACPIMadt.cc
 [SO Param] m5.objects.MathExprPowerModel, MathExprPowerModel -> X86/python/_m5/param_MathExprPowerModel.cc
 [SO Param] m5.objects.BranchPredictor, TAGE_SC_L_8KB -> X86/params/TAGE_SC_L_8KB.hh
 [SO Param] m5.objects.Uart, Uart -> X86/params/Uart.hh
 [SO Param] m5.objects.BranchPredictor, TAGE_SC_L_TAGE -> X86/params/TAGE_SC_L_TAGE.hh
 [SO Param] m5.objects.TlmBridge, TlmToGem5Bridge32 -> X86/python/_m5/param_TlmToGem5Bridge32.cc
 [SO Param] m5.objects.X86FsWorkload, X86BareMetalWorkload -> X86/params/X86BareMetalWorkload.hh
 [SO Param] m5.objects.PS2, PS2TouchKit -> X86/params/PS2TouchKit.hh
 [SO Param] m5.objects.Tags, BaseTags -> X86/params/BaseTags.hh
 [SO Param] m5.objects.Ethernet, DistEtherLink -> X86/python/_m5/param_DistEtherLink.cc
 [SO Param] m5.objects.NVMInterface, NVMInterface -> X86/python/_m5/param_NVMInterface.cc
 [SO Param] m5.objects.TimingExpr, TimingExprLet -> X86/params/TimingExprLet.hh
 [SO Param] m5.objects.PciDevice, PciBarNone -> X86/python/_m5/param_PciBarNone.cc
 [SO Param] m5.objects.Compressors, Base64Delta32 -> X86/python/_m5/param_Base64Delta32.cc
 [SO Param] m5.objects.ReplacementPolicies, TreePLRURP -> X86/python/_m5/param_TreePLRURP.cc
 [SO Param] m5.objects.HMCController, HMCController -> X86/python/_m5/param_HMCController.cc
 [SO Param] m5.objects.I2C, I2CBus -> X86/python/_m5/param_I2CBus.cc
 [ENUM STR] m5.objects.BaseTLB, TypeTLB -> X86/enums/TypeTLB.cc
 [SO Param] m5.objects.Compressors, PerfectCompressor -> X86/params/PerfectCompressor.hh
 [SO Param] m5.objects.BranchPredictor, MultiperspectivePerceptron64KB -> X86/params/MultiperspectivePerceptron64KB.hh
 [SO Param] m5.objects.TlmBridge, TlmToGem5Bridge32 -> X86/params/TlmToGem5Bridge32.hh
 [SO Param] m5.objects.MemCtrl, MemCtrl -> X86/params/MemCtrl.hh
 [SO Param] m5.objects.SimpleNetwork, SimpleNetwork -> X86/python/_m5/param_SimpleNetwork.cc
 [SO Param] m5.objects.Prefetcher, DCPTPrefetcher -> X86/python/_m5/param_DCPTPrefetcher.cc
 [SO Param] m5.objects.CPUTracers, NativeTrace -> X86/params/NativeTrace.hh
 [SO Param] m5.objects.VoltageDomain, VoltageDomain -> X86/python/_m5/param_VoltageDomain.cc
 [SO Param] m5.objects.QemuFwCfg, QemuFwCfgIo -> X86/python/_m5/param_QemuFwCfgIo.cc
 [SO Param] m5.objects.Tags, CompressedTags -> X86/params/CompressedTags.hh
 [SO Param] m5.objects.BaseMinorCPU, MinorFUPool -> X86/python/_m5/param_MinorFUPool.cc
 [SO Param] m5.objects.BranchPredictor, TAGE_SC_L_LoopPredictor -> X86/python/_m5/param_TAGE_SC_L_LoopPredictor.cc
 [SO Param] m5.objects.PowerModel, PowerModel -> X86/params/PowerModel.hh
 [SO Param] m5.objects.VirtIOBlock, VirtIOBlock -> X86/python/_m5/param_VirtIOBlock.cc
 [SO Param] m5.objects.Ide, IdeDisk -> X86/python/_m5/param_IdeDisk.cc
 [SO Param] m5.objects.MathExprPowerModel, MathExprPowerModel -> X86/params/MathExprPowerModel.hh
 [SO Param] m5.objects.IntelMP, X86IntelMPFloatingPointer -> X86/params/X86IntelMPFloatingPointer.hh
 [SO Param] m5.objects.GarnetLink, NetworkBridge -> X86/python/_m5/param_NetworkBridge.cc
 [SO Param] m5.objects.Workload, KernelWorkload -> X86/python/_m5/param_KernelWorkload.cc
 [SO Param] m5.objects.BaseTimingSimpleCPU, BaseTimingSimpleCPU -> X86/python/_m5/param_BaseTimingSimpleCPU.cc
 [SO Param] m5.objects.I8042, I8042 -> X86/python/_m5/param_I8042.cc
 [SO Param] m5.objects.MemDelay, SimpleMemDelay -> X86/python/_m5/param_SimpleMemDelay.cc
 [SO Param] m5.objects.IntelMP, X86IntelMPIOIntAssignment -> X86/python/_m5/param_X86IntelMPIOIntAssignment.cc
 [ENUM STR] m5.objects.PowerState, PwrState -> X86/enums/PwrState.cc
 [SO Param] m5.objects.ACPI, X86ACPIRSDP -> X86/python/_m5/param_X86ACPIRSDP.cc
 [ENUMDECL] m5.objects.FuncUnit, OpClass -> X86/enums/OpClass.hh
 [SO Param] m5.objects.BranchPredictor, MultiperspectivePerceptronTAGE -> X86/python/_m5/param_MultiperspectivePerceptronTAGE.cc
 [SO Param] m5.objects.NVMInterface, NVMInterface -> X86/params/NVMInterface.hh
 [SO Param] m5.objects.ACPI, X86ACPIMadt -> X86/params/X86ACPIMadt.hh
 [SO Param] m5.objects.L2Cache_Controller, L2Cache_Controller -> X86/python/_m5/param_L2Cache_Controller.cc
 [ENUM STR] m5.objects.Graphics, ImageFormat -> X86/enums/ImageFormat.cc
 [SO Param] m5.objects.HMCController, HMCController -> X86/params/HMCController.hh
 [SO Param] m5.objects.PciDevice, PciDevice -> X86/python/_m5/param_PciDevice.cc
 [SO Param] m5.objects.SimpleNetwork, SimpleNetwork -> X86/params/SimpleNetwork.hh
 [SO Param] m5.objects.Ethernet, DistEtherLink -> X86/params/DistEtherLink.hh
 [SO Param] m5.objects.BloomFilters, BloomFilterBase -> X86/python/_m5/param_BloomFilterBase.cc
 [SO Param] m5.objects.IntelMP, X86IntelMPProcessor -> X86/python/_m5/param_X86IntelMPProcessor.cc
 [SO Param] m5.objects.VoltageDomain, VoltageDomain -> X86/params/VoltageDomain.hh
 [SO Param] m5.objects.SimpleMemobj, SimpleMemobj -> X86/python/_m5/param_SimpleMemobj.cc
 [SO Param] m5.objects.BloomFilters, BloomFilterH3 -> X86/python/_m5/param_BloomFilterH3.cc
 [SO Param] m5.objects.PciDevice, PciBarNone -> X86/params/PciBarNone.hh
 [SO Param] m5.objects.Compressors, Base64Delta32 -> X86/params/Base64Delta32.hh
 [SO Param] m5.objects.VirtIOBlock, VirtIOBlock -> X86/params/VirtIOBlock.hh
 [SO Param] m5.objects.Ide, IdeDisk -> X86/params/IdeDisk.hh
 [SO Param] m5.objects.ReplacementPolicies, TreePLRURP -> X86/params/TreePLRURP.hh
 [SO Param] m5.objects.I2C, I2CBus -> X86/params/I2CBus.hh
 [SO Param] m5.objects.TlmBridge, TlmToGem5Bridge512 -> X86/python/_m5/param_TlmToGem5Bridge512.cc
 [ENUMDECL] m5.objects.BaseTLB, TypeTLB -> X86/enums/TypeTLB.hh
 [SO Param] m5.objects.Prefetcher, StridePrefetcherHashedSetAssociative -> X86/python/_m5/param_StridePrefetcherHashedSetAssociative.cc
 [SO Param] m5.objects.Prefetcher, DCPTPrefetcher -> X86/params/DCPTPrefetcher.hh
 [SO Param] m5.objects.QemuFwCfg, QemuFwCfgIo -> X86/params/QemuFwCfgIo.hh
 [SO Param] m5.objects.I8042, I8042 -> X86/params/I8042.hh
 [SO Param] m5.objects.BaseMinorCPU, MinorFUPool -> X86/params/MinorFUPool.hh
 [SO Param] m5.objects.BranchPredictor, TAGE_SC_L_LoopPredictor -> X86/params/TAGE_SC_L_LoopPredictor.hh
 [SO Param] m5.objects.RubyPrefetcher, RubyPrefetcher -> X86/python/_m5/param_RubyPrefetcher.cc
 [SO Param] m5.objects.ReplacementPolicies, LFURP -> X86/python/_m5/param_LFURP.cc
 [SO Param] m5.objects.Compressors, BaseCacheCompressor -> X86/python/_m5/param_BaseCacheCompressor.cc
 [SO Param] m5.objects.L2Cache_Controller, L2Cache_Controller -> X86/params/L2Cache_Controller.hh
 [SO Param] m5.objects.GarnetLink, NetworkBridge -> X86/params/NetworkBridge.hh
 [SO Param] m5.objects.Prefetcher, BasePrefetcher -> X86/python/_m5/param_BasePrefetcher.cc
 [SO Param] m5.objects.Ethernet, EtherTapStub -> X86/python/_m5/param_EtherTapStub.cc
 [SO Param] m5.objects.Process, Process -> X86/params/Process.hh
 [SO Param] m5.objects.Workload, KernelWorkload -> X86/params/KernelWorkload.hh
 [SO Param] m5.objects.BaseTimingSimpleCPU, BaseTimingSimpleCPU -> X86/params/BaseTimingSimpleCPU.hh
 [SO Param] m5.objects.MemDelay, SimpleMemDelay -> X86/params/SimpleMemDelay.hh
 [SO Param] m5.objects.IntelMP, X86IntelMPIOIntAssignment -> X86/params/X86IntelMPIOIntAssignment.hh
 [SO Param] m5.objects.ACPI, X86ACPIRSDP -> X86/params/X86ACPIRSDP.hh
 [SO Param] m5.objects.Compressors, CPack -> X86/python/_m5/param_CPack.cc
 [ENUMDECL] m5.objects.PowerState, PwrState -> X86/enums/PwrState.hh
 [SO Param] m5.objects.SimpleMemobj, SimpleMemobj -> X86/params/SimpleMemobj.hh
 [SO Param] m5.objects.BranchPredictor, MultiperspectivePerceptronTAGE -> X86/params/MultiperspectivePerceptronTAGE.hh
 [SO Param] m5.objects.Compressors, BaseCacheCompressor -> X86/params/BaseCacheCompressor.hh
 [SO Param] m5.objects.VirtIO, VirtIODeviceBase -> X86/python/_m5/param_VirtIODeviceBase.cc
 [SO Param] m5.objects.Network, RubyNetwork -> X86/python/_m5/param_RubyNetwork.cc
 [SO Param] m5.objects.Prefetcher, SBOOEPrefetcher -> X86/python/_m5/param_SBOOEPrefetcher.cc
 [SO Param] m5.objects.Prefetcher, SignaturePathPrefetcher -> X86/python/_m5/param_SignaturePathPrefetcher.cc
 [SO Param] m5.objects.X86SeWorkload, X86EmuLinux -> X86/python/_m5/param_X86EmuLinux.cc
 [SO Param] m5.objects.PciDevice, PciDevice -> X86/params/PciDevice.hh
 [SO Param] m5.objects.IntelMP, X86IntelMPProcessor -> X86/params/X86IntelMPProcessor.hh
 [SO Param] m5.objects.DiskImage, CowDiskImage -> X86/python/_m5/param_CowDiskImage.cc
 [SO Param] m5.objects.BloomFilters, BloomFilterH3 -> X86/params/BloomFilterH3.hh
 [SO Param] m5.objects.SMBios, X86SMBiosSMBiosStructure -> X86/params/X86SMBiosSMBiosStructure.hh
 [SO Param] m5.objects.RubyPrefetcher, RubyPrefetcher -> X86/params/RubyPrefetcher.hh
 [SO Param] m5.objects.Device, DmaVirtDevice -> X86/python/_m5/param_DmaVirtDevice.cc
 [SO Param] m5.objects.BranchPredictor, TournamentBP -> X86/python/_m5/param_TournamentBP.cc
 [SO Param] m5.objects.VirtIO9P, VirtIO9PProxy -> X86/python/_m5/param_VirtIO9PProxy.cc
 [SO Param] m5.objects.TlmBridge, TlmToGem5Bridge512 -> X86/params/TlmToGem5Bridge512.hh
 [SO Param] m5.objects.IntelMP, X86IntelMPBusHierarchy -> X86/python/_m5/param_X86IntelMPBusHierarchy.cc
 [SO Param] m5.objects.Prefetcher, BasePrefetcher -> X86/params/BasePrefetcher.hh
 [SO Param] m5.objects.ThermalModel, ThermalReference -> X86/python/_m5/param_ThermalReference.cc
 [SO Param] m5.objects.Root, Root -> X86/python/_m5/param_Root.cc
 [SO Param] m5.objects.BranchPredictor, MPP_LoopPredictor_8KB -> X86/python/_m5/param_MPP_LoopPredictor_8KB.cc
 [SO Param] m5.objects.SMBios, X86SMBiosBiosInformation -> X86/python/_m5/param_X86SMBiosBiosInformation.cc
 [SO Param] m5.objects.Sequencer, RubyPortProxy -> X86/python/_m5/param_RubyPortProxy.cc
 [ENUMDECL] m5.objects.Graphics, ImageFormat -> X86/enums/ImageFormat.hh
 [SO Param] m5.objects.ReplacementPolicies, LFURP -> X86/params/LFURP.hh
 [SO Param] m5.objects.ThermalDomain, ThermalDomain -> X86/python/_m5/param_ThermalDomain.cc
 [SO Param] m5.objects.Ethernet, EtherTapStub -> X86/params/EtherTapStub.hh
 [SO Param] m5.objects.X86SeWorkload, X86EmuLinux -> X86/params/X86EmuLinux.hh
 [SO Param] m5.objects.KvmVM, KvmVM -> X86/python/_m5/param_KvmVM.cc
 [ENUM STR] m5.objects.Ide, IdeID -> X86/enums/IdeID.cc
 [SO Param] m5.objects.Bridge, Bridge -> X86/python/_m5/param_Bridge.cc
 [ENUM STR] m5.objects.GarnetLink, CDCType -> X86/enums/CDCType.cc
 [SO Param] m5.objects.TlmBridge, Gem5ToTlmBridge32 -> X86/python/_m5/param_Gem5ToTlmBridge32.cc
 [SO Param] m5.objects.Compressors, CPack -> X86/params/CPack.hh
 [SO Param] m5.objects.Prefetcher, SBOOEPrefetcher -> X86/params/SBOOEPrefetcher.hh
 [SO Param] m5.objects.Prefetcher, SignaturePathPrefetcher -> X86/params/SignaturePathPrefetcher.hh
 [SO Param] m5.objects.Prefetcher, StridePrefetcherHashedSetAssociative -> X86/params/StridePrefetcherHashedSetAssociative.hh
 [SO Param] m5.objects.Network, RubyNetwork -> X86/params/RubyNetwork.hh
 [SO Param] m5.objects.PciHost, GenericPciHost -> X86/python/_m5/param_GenericPciHost.cc
 [SO Param] m5.objects.Cache, NoncoherentCache -> X86/python/_m5/param_NoncoherentCache.cc
 [SO Param] m5.objects.ReplacementPolicies, RandomRP -> X86/python/_m5/param_RandomRP.cc
 [SO Param] m5.objects.BranchPredictor, TAGE_SC_L_8KB_StatisticalCorrector -> X86/params/TAGE_SC_L_8KB_StatisticalCorrector.hh
 [ENUM STR] m5.objects.IntelMP, X86IntelMPRangeList -> X86/enums/X86IntelMPRangeList.cc
 [SO Param] m5.objects.DiskImage, CowDiskImage -> X86/params/CowDiskImage.hh
 [SO Param] m5.objects.BranchPredictor, TournamentBP -> X86/params/TournamentBP.hh
 [SO Param] m5.objects.VirtIO9P, VirtIO9PProxy -> X86/params/VirtIO9PProxy.hh
 [ENUM STR] m5.objects.BaseO3CPU, CommitPolicy -> X86/enums/CommitPolicy.cc
 [SO Param] m5.objects.BranchPredictor, TAGE_SC_L_64KB -> X86/python/_m5/param_TAGE_SC_L_64KB.cc
 [SO Param] m5.objects.IntelMP, X86IntelMPBusHierarchy -> X86/params/X86IntelMPBusHierarchy.hh
 [SO Param] m5.objects.BranchPredictor, LoopPredictor -> X86/python/_m5/param_LoopPredictor.cc
 [ENUM STR] m5.objects.Terminal, TerminalDump -> X86/enums/TerminalDump.cc
 [SO Param] m5.objects.ThermalModel, ThermalReference -> X86/params/ThermalReference.hh
 [SO Param] m5.objects.PS2, PS2Mouse -> X86/python/_m5/param_PS2Mouse.cc
 [SO Param] m5.objects.SMBios, X86SMBiosBiosInformation -> X86/params/X86SMBiosBiosInformation.hh
 [SO Param] m5.objects.X86Decoder, X86Decoder -> X86/python/_m5/param_X86Decoder.cc
 [SO Param] m5.objects.BranchPredictor, MPP_LoopPredictor_8KB -> X86/params/MPP_LoopPredictor_8KB.hh
 [SO Param] m5.objects.Root, Root -> X86/params/Root.hh
 [SO Param] m5.objects.BaseMemProbe, BaseMemProbe -> X86/python/_m5/param_BaseMemProbe.cc
 [ENUMDECL] m5.objects.Ide, IdeID -> X86/enums/IdeID.hh
 [SO Param] m5.objects.QoSMemSinkCtrl, QoSMemSinkCtrl -> X86/python/_m5/param_QoSMemSinkCtrl.cc
 [SO Param] m5.objects.Sequencer, RubyPortProxy -> X86/params/RubyPortProxy.hh
 [ENUMDECL] m5.objects.IntelMP, X86IntelMPRangeList -> X86/enums/X86IntelMPRangeList.hh
 [SO Param] m5.objects.TimingExpr, TimingExprSrcReg -> X86/python/_m5/param_TimingExprSrcReg.cc
 [SO Param] m5.objects.ThermalDomain, ThermalDomain -> X86/params/ThermalDomain.hh
 [SO Param] m5.objects.Compressors, MultiCompressor -> X86/python/_m5/param_MultiCompressor.cc
 [SO Param] m5.objects.BranchPredictor, MultiperspectivePerceptron8KB -> X86/python/_m5/param_MultiperspectivePerceptron8KB.cc
 [SO Param] m5.objects.PS2, PS2Mouse -> X86/params/PS2Mouse.hh
 [SO Param] m5.objects.CPUTracers, IntelTrace -> X86/python/_m5/param_IntelTrace.cc
 [SO Param] m5.objects.Cmos, Cmos -> X86/python/_m5/param_Cmos.cc
 [ENUM STR] m5.objects.BaseTrafficGen, StreamGenType -> X86/enums/StreamGenType.cc
 [ENUMDECL] m5.objects.GarnetLink, CDCType -> X86/enums/CDCType.hh
 [SO Param] m5.objects.Bridge, Bridge -> X86/params/Bridge.hh
 [SO Param] m5.objects.TlmBridge, Gem5ToTlmBridge32 -> X86/params/Gem5ToTlmBridge32.hh
 [SO Param] m5.objects.Ethernet, EtherLink -> X86/python/_m5/param_EtherLink.cc
 [SO Param] m5.objects.Tags, SectorTags -> X86/python/_m5/param_SectorTags.cc
 [SO Param] m5.objects.Device, DmaVirtDevice -> X86/params/DmaVirtDevice.hh
 [SO Param] m5.objects.Cache, NoncoherentCache -> X86/params/NoncoherentCache.hh
 [SO Param] m5.objects.SimpleTrace, SimpleTrace -> X86/python/_m5/param_SimpleTrace.cc
 [SO Param] m5.objects.ReplacementPolicies, RandomRP -> X86/params/RandomRP.hh
 [SO Param] m5.objects.X86MMU, X86MMU -> X86/python/_m5/param_X86MMU.cc
 [SO Param] m5.objects.X86Decoder, X86Decoder -> X86/params/X86Decoder.hh
 [SO Param] m5.objects.BaseMemProbe, BaseMemProbe -> X86/params/BaseMemProbe.hh
 [SO Param] m5.objects.QoSMemSinkCtrl, QoSMemSinkCtrl -> X86/params/QoSMemSinkCtrl.hh
 [SO Param] m5.objects.FuncUnit, FUDesc -> X86/python/_m5/param_FUDesc.cc
 [SO Param] m5.objects.ACPI, X86ACPIMadtRecord -> X86/python/_m5/param_X86ACPIMadtRecord.cc
 [ENUM STR] m5.objects.DRAMInterface, PageManage -> X86/enums/PageManage.cc
 [SO Param] m5.objects.BranchPredictor, TAGE_SC_L_64KB -> X86/params/TAGE_SC_L_64KB.hh
 [SO Param] m5.objects.BranchPredictor, LoopPredictor -> X86/params/LoopPredictor.hh
 [SO Param] m5.objects.QoSTurnaround, QoSTurnaroundPolicyIdeal -> X86/python/_m5/param_QoSTurnaroundPolicyIdeal.cc
 [SO Param] m5.objects.TlmBridge, Gem5ToTlmBridge512 -> X86/python/_m5/param_Gem5ToTlmBridge512.cc
 [ENUMDECL] m5.objects.Terminal, TerminalDump -> X86/enums/TerminalDump.hh
 [SO Param] m5.objects.PcSpeaker, PcSpeaker -> X86/python/_m5/param_PcSpeaker.cc
 [SO Param] m5.objects.QemuFwCfg, QemuFwCfgItem -> X86/params/QemuFwCfgItem.hh
 [SO Param] m5.objects.SimpleTrace, SimpleTrace -> X86/params/SimpleTrace.hh
 [SO Param] m5.objects.MemChecker, MemCheckerMonitor -> X86/python/_m5/param_MemCheckerMonitor.cc
 [SO Param] m5.objects.TimingExpr, TimingExprSrcReg -> X86/params/TimingExprSrcReg.hh
 [SO Param] m5.objects.Compressors, Base64Delta16 -> X86/python/_m5/param_Base64Delta16.cc
 [SO Param] m5.objects.ReplacementPolicies, SHiPPCRP -> X86/python/_m5/param_SHiPPCRP.cc
 [SO Param] m5.objects.BaseTLB, BaseTLB -> X86/python/_m5/param_BaseTLB.cc
 [SO Param] m5.objects.BaseInterrupts, BaseInterrupts -> X86/python/_m5/param_BaseInterrupts.cc
 [SO Param] m5.objects.Compressors, MultiCompressor -> X86/params/MultiCompressor.hh
 [SO Param] m5.objects.BranchPredictor, MultiperspectivePerceptron8KB -> X86/params/MultiperspectivePerceptron8KB.hh
 [SO Param] m5.objects.XBar, BaseXBar -> X86/python/_m5/param_BaseXBar.cc
 [SO Param] m5.objects.BasicLink, BasicIntLink -> X86/python/_m5/param_BasicIntLink.cc
 [SO Param] m5.objects.Prefetcher, DeltaCorrelatingPredictionTables -> X86/python/_m5/param_DeltaCorrelatingPredictionTables.cc
 [SO Param] m5.objects.KvmVM, KvmVM -> X86/params/KvmVM.hh
 [SO Param] m5.objects.CPUTracers, IntelTrace -> X86/params/IntelTrace.hh
 [ENUMDECL] m5.objects.BaseTrafficGen, StreamGenType -> X86/enums/StreamGenType.hh
 [SO Param] m5.objects.Cmos, Cmos -> X86/params/Cmos.hh
 [SO Param] m5.objects.X86MMU, X86MMU -> X86/params/X86MMU.hh
 [SO Param] m5.objects.QemuFwCfg, QemuFwCfg -> X86/python/_m5/param_QemuFwCfg.cc
 [SO Param] m5.objects.Tags, SectorTags -> X86/params/SectorTags.hh
 [SO Param] m5.objects.DVFSHandler, DVFSHandler -> X86/python/_m5/param_DVFSHandler.cc
 [SO Param] m5.objects.BaseMinorCPU, MinorFU -> X86/python/_m5/param_MinorFU.cc
 [SO Param] m5.objects.HBMCtrl, HBMCtrl -> X86/python/_m5/param_HBMCtrl.cc
 [SO Param] m5.objects.BranchPredictor, LTAGE -> X86/python/_m5/param_LTAGE.cc
 [SO Param] m5.objects.GarnetLink, CreditLink -> X86/python/_m5/param_CreditLink.cc
 [SO Param] m5.objects.Workload, StubWorkload -> X86/python/_m5/param_StubWorkload.cc
 [SO Param] m5.objects.SystemC, SystemC_Kernel -> X86/python/_m5/param_SystemC_Kernel.cc
 [ENUM STR] m5.objects.SMBios, ExtCharacteristic -> X86/enums/ExtCharacteristic.cc
 [SO Param] m5.objects.PcSpeaker, PcSpeaker -> X86/params/PcSpeaker.hh
 [SO Param] m5.objects.RubySystem, RubySystem -> X86/python/_m5/param_RubySystem.cc
 [SO Param] m5.objects.MemDelay, MemDelay -> X86/python/_m5/param_MemDelay.cc
 [SO Param] m5.objects.IntelMP, X86IntelMPIOAPIC -> X86/python/_m5/param_X86IntelMPIOAPIC.cc
 [SO Param] m5.objects.PowerState, PowerState -> X86/python/_m5/param_PowerState.cc
 [SO Param] m5.objects.FuncUnit, FUDesc -> X86/params/FUDesc.hh
 [SO Param] m5.objects.BranchPredictor, MPP_StatisticalCorrector -> X86/python/_m5/param_MPP_StatisticalCorrector.cc
 [SO Param] m5.objects.HBMCtrl, HBMCtrl -> X86/params/HBMCtrl.hh
 [SO Param] m5.objects.ACPI, X86ACPIMadtRecord -> X86/params/X86ACPIMadtRecord.hh
 [ENUMDECL] m5.objects.DRAMInterface, PageManage -> X86/enums/PageManage.hh
 [SO Param] m5.objects.BasicLink, BasicLink -> X86/python/_m5/param_BasicLink.cc
 [SO Param] m5.objects.QoSTurnaround, QoSTurnaroundPolicyIdeal -> X86/params/QoSTurnaroundPolicyIdeal.hh
 [SO Param] m5.objects.TlmBridge, Gem5ToTlmBridge512 -> X86/params/Gem5ToTlmBridge512.hh
 [SO Param] m5.objects.BaseTLB, BaseTLB -> X86/params/BaseTLB.hh
 [SO Param] m5.objects.Ethernet, IGbE -> X86/python/_m5/param_IGbE.cc
 [SO Param] m5.objects.OutgoingRequestBridge, OutgoingRequestBridge -> X86/python/_m5/param_OutgoingRequestBridge.cc
 [SO Param] m5.objects.I8254, I8254 -> X86/python/_m5/param_I8254.cc
 [SO Param] m5.objects.XBar, BaseXBar -> X86/params/BaseXBar.hh
 [ENUMDECL] m5.objects.SMBios, ExtCharacteristic -> X86/enums/ExtCharacteristic.hh
 [SO Param] m5.objects.IntelMP, X86IntelMPExtConfigEntry -> X86/python/_m5/param_X86IntelMPExtConfigEntry.cc
 [ENUM STR] m5.objects.IntelMP, X86IntelMPAddressType -> X86/enums/X86IntelMPAddressType.cc
 [SO Param] m5.objects.MemChecker, MemCheckerMonitor -> X86/params/MemCheckerMonitor.hh
 [SO Param] m5.objects.BloomFilters, BloomFilterBulk -> X86/python/_m5/param_BloomFilterBulk.cc
 [SO Param] m5.objects.DVFSHandler, DVFSHandler -> X86/params/DVFSHandler.hh
 [SO Param] m5.objects.Compressors, Base64Delta16 -> X86/params/Base64Delta16.hh
 [SO Param] m5.objects.WireBuffer, RubyWireBuffer -> X86/python/_m5/param_RubyWireBuffer.cc
 [SO Param] m5.objects.ReplacementPolicies, SHiPPCRP -> X86/params/SHiPPCRP.hh
 [SO Param] m5.objects.TlmBridge, TlmToGem5Bridge256 -> X86/python/_m5/param_TlmToGem5Bridge256.cc
 [SO Param] m5.objects.BasicLink, BasicIntLink -> X86/params/BasicIntLink.hh
 [SO Param] m5.objects.Ethernet, EtherTap -> X86/python/_m5/param_EtherTap.cc
 [SO Param] m5.objects.PciDevice, PciMemUpperBar -> X86/params/PciMemUpperBar.hh
 [SO Param] m5.objects.Prefetcher, DeltaCorrelatingPredictionTables -> X86/params/DeltaCorrelatingPredictionTables.hh
 [SO Param] m5.objects.QemuFwCfg, QemuFwCfg -> X86/params/QemuFwCfg.hh
 [SO Param] m5.objects.ACPI, X86ACPIMadtIntSourceOverride -> X86/python/_m5/param_X86ACPIMadtIntSourceOverride.cc
 [ENUMDECL] m5.objects.IntelMP, X86IntelMPAddressType -> X86/enums/X86IntelMPAddressType.hh
 [SO Param] m5.objects.MemDelay, MemDelay -> X86/params/MemDelay.hh
 [SO Param] m5.objects.DiskImage, RawDiskImage -> X86/python/_m5/param_RawDiskImage.cc
 [SO Param] m5.objects.BaseMinorCPU, MinorFU -> X86/params/MinorFU.hh
 [SO Param] m5.objects.BranchPredictor, LTAGE -> X86/params/LTAGE.hh
 [SO Param] m5.objects.PowerState, PowerState -> X86/params/PowerState.hh
 [SO Param] m5.objects.GarnetLink, CreditLink -> X86/params/CreditLink.hh
 [SO Param] m5.objects.BasicLink, BasicLink -> X86/params/BasicLink.hh
 [SO Param] m5.objects.Ethernet, EtherTapBase -> X86/python/_m5/param_EtherTapBase.cc
 [SO Param] m5.objects.Workload, StubWorkload -> X86/params/StubWorkload.hh
 [SO Param] m5.objects.TimingExpr, TimingExprBin -> X86/params/TimingExprBin.hh
 [SO Param] m5.objects.Compressors, Base16Delta8 -> X86/python/_m5/param_Base16Delta8.cc
 [SO Param] m5.objects.QoSPolicy, QoSFixedPriorityPolicy -> X86/params/QoSFixedPriorityPolicy.hh
 [SO Param] m5.objects.BranchPredictor, MPP_StatisticalCorrector -> X86/params/MPP_StatisticalCorrector.hh
 [     CXX] X86/mem/ruby/protocol/L2Cache_Wakeup.cc -> .fo
 [     CXX] X86/python/_m5/param_L2Cache_Controller.cc -> .fo
 [     CXX] X86/mem/ruby/protocol/L2Cache_Transitions.cc -> .fo
 [     CXX] X86/mem/ruby/protocol/MachineType.cc -> .fo
 [     CXX] X86/sim/pseudo_inst.cc -> .fo
 [     CXX] X86/mem/ruby/protocol/L2Cache_Controller.cc -> .fo
 [SO Param] m5.objects.ReplacementPolicies, SecondChanceRP -> X86/python/_m5/param_SecondChanceRP.cc
 [SO Param] m5.objects.X86QemuFwCfg, QemuFwCfgItemE820 -> X86/python/_m5/param_QemuFwCfgItemE820.cc
 [     CXX] X86/base/date.cc -> .fo
 [    LINK]  -> X86/gem5.fast
scons: done building targets.
*** Summary of Warnings ***
Warning: Header file <png.h> not found.
         This host has no libpng library.
         Disabling support for PNG framebuffers.
Warning: Deprecated namespaces are not supported by this compiler.
         Please make sure to check the mailing list for deprecation
         announcements.
Warning: Couldn't find HDF5 C++ libraries. Disabling HDF5 support.
Warning: While checking protoc version: [Errno 2] No such file or directory:
         'protoc'
Warning: Protocol buffer compiler (protoc) not found.
         Please install protobuf-compiler for tracing support.
